<?xml version="1.0" encoding="UTF-8"?>
<!-- Generated by org.testng.reporters.JUnitXMLReporter -->
<testsuite hostname="INaswathyn.local" name="Default test" tests="4" failures="0" timestamp="10 Dec 2015 04:14:57 GMT" time="0.044" errors="0">
  <testcase name="@BeforeTest beforeClass" time="0.0" classname="com.testScript.LoginTests">
    <failure type="org.testng.TestNGException" message="
Parameter &amp;apos;browser&amp;apos; is required by @Configuration on method beforeClass but has not been marked @Optional or defined
in /private/var/folders/j8/_69641pn4k1dhd3_7dc93hy80000gp/T/testng-eclipse-1716188345/testng-customsuite.xml">
      <![CDATA[org.testng.TestNGException: 
Parameter 'browser' is required by @Configuration on method beforeClass but has not been marked @Optional or defined
in /private/var/folders/j8/_69641pn4k1dhd3_7dc93hy80000gp/T/testng-eclipse-1716188345/testng-customsuite.xml
	at org.testng.internal.Parameters.createParameters(Parameters.java:154)
	at org.testng.internal.Parameters.createParameters(Parameters.java:361)
	at org.testng.internal.Parameters.createConfigurationParameters(Parameters.java:84)
	at org.testng.internal.Invoker.invokeConfigurations(Invoker.java:197)
	at org.testng.internal.Invoker.invokeConfigurations(Invoker.java:138)
	at org.testng.TestRunner.beforeRun(TestRunner.java:648)
	at org.testng.TestRunner.run(TestRunner.java:616)
	at org.testng.SuiteRunner.runTest(SuiteRunner.java:359)
	at org.testng.SuiteRunner.runSequentially(SuiteRunner.java:354)
	at org.testng.SuiteRunner.privateRun(SuiteRunner.java:312)
	at org.testng.SuiteRunner.run(SuiteRunner.java:261)
	at org.testng.SuiteRunnerWorker.runSuite(SuiteRunnerWorker.java:52)
	at org.testng.SuiteRunnerWorker.run(SuiteRunnerWorker.java:86)
	at org.testng.TestNG.runSuitesSequentially(TestNG.java:1215)
	at org.testng.TestNG.runSuitesLocally(TestNG.java:1140)
	at org.testng.TestNG.run(TestNG.java:1048)
	at org.testng.remote.RemoteTestNG.run(RemoteTestNG.java:112)
	at org.testng.remote.RemoteTestNG.initAndRun(RemoteTestNG.java:205)
	at org.testng.remote.RemoteTestNG.main(RemoteTestNG.java:176)
]]>
    </failure>
  </testcase> <!-- @BeforeTest beforeClass -->
  <testcase name="@BeforeClass setup" time="0.0" classname="com.testScript.LoginTests">
    <skipped/>
  </testcase> <!-- @BeforeClass setup -->
  <testcase name="@AfterTest teardown" time="0.0" classname="com.testScript.LoginTests">
    <skipped/>
  </testcase> <!-- @AfterTest teardown -->
  <testcase name="registerNewUserNavigationTest" time="0.003" classname="com.testScript.LoginTests">
    <skipped/>
  </testcase> <!-- registerNewUserNavigationTest -->
  <testcase name="forgotPasswordLinkNavigationTest" time="0.0" classname="com.testScript.LoginTests">
    <skipped/>
  </testcase> <!-- forgotPasswordLinkNavigationTest -->
  <testcase name="invalidLoginTest" time="0.0" classname="com.testScript.LoginTests">
    <skipped/>
  </testcase> <!-- invalidLoginTest -->
  <testcase name="validLoginTest" time="0.0" classname="com.testScript.LoginTests">
    <skipped/>
  </testcase> <!-- validLoginTest -->
</testsuite> <!-- Default test -->
