<?xml version="1.0" encoding="UTF-8"?>
<!-- Generated by org.testng.reporters.JUnitXMLReporter -->
<testsuite hostname="INaswathyn.local" name="Regression-Tests-Chrome" tests="9" failures="0" timestamp="10 Dec 2015 04:14:58 GMT" time="20.034" errors="0">
  <testcase name="@BeforeTest beforeClass" time="0.0" classname="com.testScript.BookHotelConfirmTests">
    <failure type="org.openqa.selenium.remote.UnreachableBrowserException" message="Could not start a new session. Possible causes are invalid address of the remote server or browser start-up failure.
Build info: version: &amp;apos;2.43.1&amp;apos;, revision: &amp;apos;5163bce&amp;apos;, time: &amp;apos;2014-09-10 16:27:58&amp;apos;
System info: host: &amp;apos;INaswathyn.local&amp;apos;, ip: &amp;apos;192.168.0.4&amp;apos;, os.name: &amp;apos;Mac OS X&amp;apos;, os.arch: &amp;apos;x86_64&amp;apos;, os.version: &amp;apos;10.10.5&amp;apos;, java.version: &amp;apos;1.7.0_79&amp;apos;
Driver info: driver.version: ChromeDriver">
      <![CDATA[org.openqa.selenium.remote.UnreachableBrowserException: Could not start a new session. Possible causes are invalid address of the remote server or browser start-up failure.
Build info: version: '2.43.1', revision: '5163bce', time: '2014-09-10 16:27:58'
System info: host: 'INaswathyn.local', ip: '192.168.0.4', os.name: 'Mac OS X', os.arch: 'x86_64', os.version: '10.10.5', java.version: '1.7.0_79'
Driver info: driver.version: ChromeDriver
	at org.openqa.selenium.remote.RemoteWebDriver.execute(RemoteWebDriver.java:593)
	at org.openqa.selenium.remote.RemoteWebDriver.startSession(RemoteWebDriver.java:240)
	at org.openqa.selenium.remote.RemoteWebDriver.<init>(RemoteWebDriver.java:126)
	at org.openqa.selenium.remote.RemoteWebDriver.<init>(RemoteWebDriver.java:139)
	at org.openqa.selenium.chrome.ChromeDriver.<init>(ChromeDriver.java:171)
	at org.openqa.selenium.chrome.ChromeDriver.<init>(ChromeDriver.java:160)
	at org.openqa.selenium.chrome.ChromeDriver.<init>(ChromeDriver.java:149)
	at com.guiPages.baseClasses.TestBase.beforeClass(Unknown Source)
Caused by: org.openqa.selenium.WebDriverException: Timed out waiting for driver server to start.
Build info: version: '2.43.1', revision: '5163bce', time: '2014-09-10 16:27:58'
System info: host: 'INaswathyn.local', ip: '192.168.0.4', os.name: 'Mac OS X', os.arch: 'x86_64', os.version: '10.10.5', java.version: '1.7.0_79'
Driver info: driver.version: ChromeDriver
	at org.openqa.selenium.remote.service.DriverService.start(DriverService.java:166)
	at org.openqa.selenium.remote.service.DriverCommandExecutor.execute(DriverCommandExecutor.java:62)
	at org.openqa.selenium.remote.RemoteWebDriver.execute(RemoteWebDriver.java:572)
	... 29 more
Caused by: org.openqa.selenium.net.UrlChecker$TimeoutException: Timed out waiting for [http://localhost:15833/status] to be available after 20003 ms
	at org.openqa.selenium.net.UrlChecker.waitUntilAvailable(UrlChecker.java:104)
	at org.openqa.selenium.remote.service.DriverService.start(DriverService.java:163)
	... 31 more
Caused by: com.google.common.util.concurrent.UncheckedTimeoutException: java.util.concurrent.TimeoutException
	at com.google.common.util.concurrent.SimpleTimeLimiter.callWithTimeout(SimpleTimeLimiter.java:143)
	at org.openqa.selenium.net.UrlChecker.waitUntilAvailable(UrlChecker.java:79)
	... 32 more
Caused by: java.util.concurrent.TimeoutException
	at java.util.concurrent.FutureTask.get(FutureTask.java:201)
	at com.google.common.util.concurrent.SimpleTimeLimiter.callWithTimeout(SimpleTimeLimiter.java:130)
	... 33 more
... Removed 22 stack frames]]>
    </failure>
  </testcase> <!-- @BeforeTest beforeClass -->
  <testcase name="@BeforeClass setup" time="0.0" classname="com.testScript.LoginTests">
    <skipped/>
  </testcase> <!-- @BeforeClass setup -->
  <testcase name="@BeforeClass setup" time="0.0" classname="com.testScript.SearchHotelTests">
    <skipped/>
  </testcase> <!-- @BeforeClass setup -->
  <testcase name="@BeforeClass setup" time="0.0" classname="com.testScript.SelectHotelValidationTest">
    <skipped/>
  </testcase> <!-- @BeforeClass setup -->
  <testcase name="@BeforeClass setup" time="0.0" classname="com.testScript.BookHotelConfirmTests">
    <skipped/>
  </testcase> <!-- @BeforeClass setup -->
  <testcase name="@AfterTest teardown" time="0.0" classname="com.testScript.BookHotelConfirmTests">
    <skipped/>
  </testcase> <!-- @AfterTest teardown -->
  <testcase name="@AfterTest teardown" time="0.0" classname="com.testScript.BookHotelConfirmTests">
    <skipped/>
  </testcase> <!-- @AfterTest teardown -->
  <testcase name="@AfterTest teardown" time="0.0" classname="com.testScript.BookHotelConfirmTests">
    <skipped/>
  </testcase> <!-- @AfterTest teardown -->
  <testcase name="@AfterTest teardown" time="0.0" classname="com.testScript.BookHotelConfirmTests">
    <skipped/>
  </testcase> <!-- @AfterTest teardown -->
  <testcase name="registerNewUserNavigationTest" time="0.0" classname="com.testScript.LoginTests">
    <skipped/>
  </testcase> <!-- registerNewUserNavigationTest -->
  <testcase name="forgotPasswordLinkNavigationTest" time="0.0" classname="com.testScript.LoginTests">
    <skipped/>
  </testcase> <!-- forgotPasswordLinkNavigationTest -->
  <testcase name="invalidLoginTest" time="0.001" classname="com.testScript.LoginTests">
    <skipped/>
  </testcase> <!-- invalidLoginTest -->
  <testcase name="validateDropDownsTest" time="0.0" classname="com.testScript.SearchHotelTests">
    <skipped/>
  </testcase> <!-- validateDropDownsTest -->
  <testcase name="checkOutDateIsPastCheckInDateTest" time="0.001" classname="com.testScript.SearchHotelTests">
    <skipped/>
  </testcase> <!-- checkOutDateIsPastCheckInDateTest -->
  <testcase name="checkInDateIsPastTest" time="0.0" classname="com.testScript.SearchHotelTests">
    <skipped/>
  </testcase> <!-- checkInDateIsPastTest -->
  <testcase name="locationNameReflectedInHotelSelectTest" time="0.001" classname="com.testScript.SelectHotelValidationTest">
    <skipped/>
  </testcase> <!-- locationNameReflectedInHotelSelectTest -->
  <testcase name="checkinCheckoutReflectedInHotelSelectTest" time="0.0" classname="com.testScript.SelectHotelValidationTest">
    <skipped/>
  </testcase> <!-- checkinCheckoutReflectedInHotelSelectTest -->
  <testcase name="orderIdPresentTest" time="0.001" classname="com.testScript.BookHotelConfirmTests">
    <skipped/>
  </testcase> <!-- orderIdPresentTest -->
</testsuite> <!-- Regression-Tests-Chrome -->
