<!DOCTYPE html>

<html>
  <head>
  <title>TestNG reports</title>

    <link type="text/css" href="testng-reports.css" rel="stylesheet" />  
    <script type="text/javascript" src="jquery-1.7.1.min.js"></script>
    <script type="text/javascript" src="testng-reports.js"></script>
    <script type="text/javascript" src="https://www.google.com/jsapi"></script>
    <script type='text/javascript'>
      google.load('visualization', '1', {packages:['table']});
      google.setOnLoadCallback(drawTable);
      var suiteTableInitFunctions = new Array();
      var suiteTableData = new Array();
    </script>
    <!--
      <script type="text/javascript" src="jquery-ui/js/jquery-ui-1.8.16.custom.min.js"></script>
     -->
  </head>

  <body>
    <div class="top-banner-root">
      <span class="top-banner-title-font">Test results</span>
      <br/>
      <span class="top-banner-font-1">3 suites, 19 failed tests</span>
    </div> <!-- top-banner-root -->
    <div class="navigator-root">
      <div class="navigator-suite-header">
        <span>All suites</span>
        <a href="#" class="collapse-all-link" title="Collapse/expand all the suites">
          <img class="collapse-all-icon" src="collapseall.gif">
          </img> <!-- collapse-all-icon -->
        </a> <!-- collapse-all-link -->
      </div> <!-- navigator-suite-header -->
      <div class="suite">
        <div class="rounded-window">
          <div class="suite-header light-rounded-window-top">
            <a href="#" class="navigator-link" panel-name="suite-Regression-Test-Suite">
              <span class="suite-name border-failed">Regression-Test-Suite</span>
            </a> <!-- navigator-link -->
          </div> <!-- suite-header light-rounded-window-top -->
          <div class="navigator-suite-content">
            <div class="suite-section-title">
              <span>Info</span>
            </div> <!-- suite-section-title -->
            <div class="suite-section-content">
              <ul>
                <li>
                  <a href="#" class="navigator-link " panel-name="test-xml-Regression-Test-Suite">
                    <span>Regression-Suite.xml</span>
                  </a> <!-- navigator-link  -->
                </li>
                <li>
                  <a href="#" class="navigator-link " panel-name="testlist-Regression-Test-Suite">
                    <span class="test-stats">2 tests</span>
                  </a> <!-- navigator-link  -->
                </li>
                <li>
                  <a href="#" class="navigator-link " panel-name="group-Regression-Test-Suite">
                    <span>0 groups</span>
                  </a> <!-- navigator-link  -->
                </li>
                <li>
                  <a href="#" class="navigator-link " panel-name="times-Regression-Test-Suite">
                    <span>Times</span>
                  </a> <!-- navigator-link  -->
                </li>
                <li>
                  <a href="#" class="navigator-link " panel-name="reporter-Regression-Test-Suite">
                    <span>Reporter output</span>
                  </a> <!-- navigator-link  -->
                </li>
                <li>
                  <a href="#" class="navigator-link " panel-name="ignored-methods-Regression-Test-Suite">
                    <span>Ignored methods</span>
                  </a> <!-- navigator-link  -->
                </li>
                <li>
                  <a href="#" class="navigator-link " panel-name="chronological-Regression-Test-Suite">
                    <span>Chronological view</span>
                  </a> <!-- navigator-link  -->
                </li>
              </ul>
            </div> <!-- suite-section-content -->
            <div class="result-section">
              <div class="suite-section-title">
                <span>Results</span>
              </div> <!-- suite-section-title -->
              <div class="suite-section-content">
                <ul>
                  <li>
                    <span class="method-stats">18 methods, 14 failed,  2 skipped,  2 passed</span>
                  </li>
                  <li>
                    <span class="method-list-title failed">Failed methods</span>
                    <span class="show-or-hide-methods failed">
                      <a href="#" panel-name="suite-Regression-Test-Suite" class="hide-methods failed suite-Regression-Test-Suite"> (hide)</a> <!-- hide-methods failed suite-Regression-Test-Suite -->
                      <a href="#" panel-name="suite-Regression-Test-Suite" class="show-methods failed suite-Regression-Test-Suite"> (show)</a> <!-- show-methods failed suite-Regression-Test-Suite -->
                    </span>
                    <div class="method-list-content failed suite-Regression-Test-Suite">
                      <span>
                        <img width="3%" src="failed.png"/>
                        <a href="#" class="method navigator-link" panel-name="suite-Regression-Test-Suite" title="com.testScript.SearchHotelTests" hash-for-method="checkInDateIsPastTest">checkInDateIsPastTest</a> <!-- method navigator-link -->
                      </span>
                      <br/>
                      <span>
                        <img width="3%" src="failed.png"/>
                        <a href="#" class="method navigator-link" panel-name="suite-Regression-Test-Suite" title="com.testScript.SearchHotelTests" hash-for-method="checkInDateIsPastTest">checkInDateIsPastTest</a> <!-- method navigator-link -->
                      </span>
                      <br/>
                      <span>
                        <img width="3%" src="failed.png"/>
                        <a href="#" class="method navigator-link" panel-name="suite-Regression-Test-Suite" title="com.testScript.SearchHotelTests" hash-for-method="checkOutDateIsPastCheckInDateTest">checkOutDateIsPastCheckInDateTest</a> <!-- method navigator-link -->
                      </span>
                      <br/>
                      <span>
                        <img width="3%" src="failed.png"/>
                        <a href="#" class="method navigator-link" panel-name="suite-Regression-Test-Suite" title="com.testScript.SearchHotelTests" hash-for-method="checkOutDateIsPastCheckInDateTest">checkOutDateIsPastCheckInDateTest</a> <!-- method navigator-link -->
                      </span>
                      <br/>
                      <span>
                        <img width="3%" src="failed.png"/>
                        <a href="#" class="method navigator-link" panel-name="suite-Regression-Test-Suite" title="com.testScript.SelectHotelValidationTest" hash-for-method="checkinCheckoutReflectedInHotelSelectTest">checkinCheckoutReflectedInHotelSelectTest</a> <!-- method navigator-link -->
                      </span>
                      <br/>
                      <span>
                        <img width="3%" src="failed.png"/>
                        <a href="#" class="method navigator-link" panel-name="suite-Regression-Test-Suite" title="com.testScript.SelectHotelValidationTest" hash-for-method="checkinCheckoutReflectedInHotelSelectTest">checkinCheckoutReflectedInHotelSelectTest</a> <!-- method navigator-link -->
                      </span>
                      <br/>
                      <span>
                        <img width="3%" src="failed.png"/>
                        <a href="#" class="method navigator-link" panel-name="suite-Regression-Test-Suite" title="com.testScript.LoginTests" hash-for-method="invalidLoginTest">invalidLoginTest</a> <!-- method navigator-link -->
                      </span>
                      <br/>
                      <span>
                        <img width="3%" src="failed.png"/>
                        <a href="#" class="method navigator-link" panel-name="suite-Regression-Test-Suite" title="com.testScript.LoginTests" hash-for-method="invalidLoginTest">invalidLoginTest</a> <!-- method navigator-link -->
                      </span>
                      <br/>
                      <span>
                        <img width="3%" src="failed.png"/>
                        <a href="#" class="method navigator-link" panel-name="suite-Regression-Test-Suite" title="com.testScript.SelectHotelValidationTest" hash-for-method="locationNameReflectedInHotelSelectTest">locationNameReflectedInHotelSelectTest</a> <!-- method navigator-link -->
                      </span>
                      <br/>
                      <span>
                        <img width="3%" src="failed.png"/>
                        <a href="#" class="method navigator-link" panel-name="suite-Regression-Test-Suite" title="com.testScript.SelectHotelValidationTest" hash-for-method="locationNameReflectedInHotelSelectTest">locationNameReflectedInHotelSelectTest</a> <!-- method navigator-link -->
                      </span>
                      <br/>
                      <span>
                        <img width="3%" src="failed.png"/>
                        <a href="#" class="method navigator-link" panel-name="suite-Regression-Test-Suite" title="com.testScript.BookHotelConfirmTests" hash-for-method="orderIdPresentTest">orderIdPresentTest</a> <!-- method navigator-link -->
                      </span>
                      <br/>
                      <span>
                        <img width="3%" src="failed.png"/>
                        <a href="#" class="method navigator-link" panel-name="suite-Regression-Test-Suite" title="com.testScript.BookHotelConfirmTests" hash-for-method="orderIdPresentTest">orderIdPresentTest</a> <!-- method navigator-link -->
                      </span>
                      <br/>
                      <span>
                        <img width="3%" src="failed.png"/>
                        <a href="#" class="method navigator-link" panel-name="suite-Regression-Test-Suite" title="com.testScript.SearchHotelTests" hash-for-method="validateDropDownsTest">validateDropDownsTest</a> <!-- method navigator-link -->
                      </span>
                      <br/>
                      <span>
                        <img width="3%" src="failed.png"/>
                        <a href="#" class="method navigator-link" panel-name="suite-Regression-Test-Suite" title="com.testScript.SearchHotelTests" hash-for-method="validateDropDownsTest">validateDropDownsTest</a> <!-- method navigator-link -->
                      </span>
                      <br/>
                    </div> <!-- method-list-content failed suite-Regression-Test-Suite -->
                  </li>
                  <li>
                    <span class="method-list-title skipped">Skipped methods</span>
                    <span class="show-or-hide-methods skipped">
                      <a href="#" panel-name="suite-Regression-Test-Suite" class="hide-methods skipped suite-Regression-Test-Suite"> (hide)</a> <!-- hide-methods skipped suite-Regression-Test-Suite -->
                      <a href="#" panel-name="suite-Regression-Test-Suite" class="show-methods skipped suite-Regression-Test-Suite"> (show)</a> <!-- show-methods skipped suite-Regression-Test-Suite -->
                    </span>
                    <div class="method-list-content skipped suite-Regression-Test-Suite">
                      <span>
                        <img width="3%" src="skipped.png"/>
                        <a href="#" class="method navigator-link" panel-name="suite-Regression-Test-Suite" title="com.testScript.LoginTests" hash-for-method="forgotPasswordLinkNavigationTest">forgotPasswordLinkNavigationTest</a> <!-- method navigator-link -->
                      </span>
                      <br/>
                      <span>
                        <img width="3%" src="skipped.png"/>
                        <a href="#" class="method navigator-link" panel-name="suite-Regression-Test-Suite" title="com.testScript.LoginTests" hash-for-method="registerNewUserNavigationTest">registerNewUserNavigationTest</a> <!-- method navigator-link -->
                      </span>
                      <br/>
                    </div> <!-- method-list-content skipped suite-Regression-Test-Suite -->
                  </li>
                  <li>
                    <span class="method-list-title passed">Passed methods</span>
                    <span class="show-or-hide-methods passed">
                      <a href="#" panel-name="suite-Regression-Test-Suite" class="hide-methods passed suite-Regression-Test-Suite"> (hide)</a> <!-- hide-methods passed suite-Regression-Test-Suite -->
                      <a href="#" panel-name="suite-Regression-Test-Suite" class="show-methods passed suite-Regression-Test-Suite"> (show)</a> <!-- show-methods passed suite-Regression-Test-Suite -->
                    </span>
                    <div class="method-list-content passed suite-Regression-Test-Suite">
                      <span>
                        <img width="3%" src="passed.png"/>
                        <a href="#" class="method navigator-link" panel-name="suite-Regression-Test-Suite" title="com.testScript.LoginTests" hash-for-method="forgotPasswordLinkNavigationTest">forgotPasswordLinkNavigationTest</a> <!-- method navigator-link -->
                      </span>
                      <br/>
                      <span>
                        <img width="3%" src="passed.png"/>
                        <a href="#" class="method navigator-link" panel-name="suite-Regression-Test-Suite" title="com.testScript.LoginTests" hash-for-method="registerNewUserNavigationTest">registerNewUserNavigationTest</a> <!-- method navigator-link -->
                      </span>
                      <br/>
                    </div> <!-- method-list-content passed suite-Regression-Test-Suite -->
                  </li>
                </ul>
              </div> <!-- suite-section-content -->
            </div> <!-- result-section -->
          </div> <!-- navigator-suite-content -->
        </div> <!-- rounded-window -->
      </div> <!-- suite -->
      <div class="suite">
        <div class="rounded-window">
          <div class="suite-header light-rounded-window-top">
            <a href="#" class="navigator-link" panel-name="suite-Functional-Test-Suite">
              <span class="suite-name border-failed">Functional-Test-Suite</span>
            </a> <!-- navigator-link -->
          </div> <!-- suite-header light-rounded-window-top -->
          <div class="navigator-suite-content">
            <div class="suite-section-title">
              <span>Info</span>
            </div> <!-- suite-section-title -->
            <div class="suite-section-content">
              <ul>
                <li>
                  <a href="#" class="navigator-link " panel-name="test-xml-Functional-Test-Suite">
                    <span>Functional-Suite.xml</span>
                  </a> <!-- navigator-link  -->
                </li>
                <li>
                  <a href="#" class="navigator-link " panel-name="testlist-Functional-Test-Suite">
                    <span class="test-stats">1 test</span>
                  </a> <!-- navigator-link  -->
                </li>
                <li>
                  <a href="#" class="navigator-link " panel-name="group-Functional-Test-Suite">
                    <span>0 groups</span>
                  </a> <!-- navigator-link  -->
                </li>
                <li>
                  <a href="#" class="navigator-link " panel-name="times-Functional-Test-Suite">
                    <span>Times</span>
                  </a> <!-- navigator-link  -->
                </li>
                <li>
                  <a href="#" class="navigator-link " panel-name="reporter-Functional-Test-Suite">
                    <span>Reporter output</span>
                  </a> <!-- navigator-link  -->
                </li>
                <li>
                  <a href="#" class="navigator-link " panel-name="ignored-methods-Functional-Test-Suite">
                    <span>Ignored methods</span>
                  </a> <!-- navigator-link  -->
                </li>
                <li>
                  <a href="#" class="navigator-link " panel-name="chronological-Functional-Test-Suite">
                    <span>Chronological view</span>
                  </a> <!-- navigator-link  -->
                </li>
              </ul>
            </div> <!-- suite-section-content -->
            <div class="result-section">
              <div class="suite-section-title">
                <span>Results</span>
              </div> <!-- suite-section-title -->
              <div class="suite-section-content">
                <ul>
                  <li>
                    <span class="method-stats">5 methods, 5 failed,   </span>
                  </li>
                  <li>
                    <span class="method-list-title failed">Failed methods</span>
                    <span class="show-or-hide-methods failed">
                      <a href="#" panel-name="suite-Functional-Test-Suite" class="hide-methods failed suite-Functional-Test-Suite"> (hide)</a> <!-- hide-methods failed suite-Functional-Test-Suite -->
                      <a href="#" panel-name="suite-Functional-Test-Suite" class="show-methods failed suite-Functional-Test-Suite"> (show)</a> <!-- show-methods failed suite-Functional-Test-Suite -->
                    </span>
                    <div class="method-list-content failed suite-Functional-Test-Suite">
                      <span>
                        <img width="3%" src="failed.png"/>
                        <a href="#" class="method navigator-link" panel-name="suite-Functional-Test-Suite" title="com.testScript.CancelOrderIdsTests" hash-for-method="cancelOrderButtonTest">cancelOrderButtonTest</a> <!-- method navigator-link -->
                      </span>
                      <br/>
                      <span>
                        <img width="3%" src="failed.png"/>
                        <a href="#" class="method navigator-link" panel-name="suite-Functional-Test-Suite" title="com.testScript.SelectHotelValidationTest" hash-for-method="defaultHotelSelectionTest">defaultHotelSelectionTest</a> <!-- method navigator-link -->
                      </span>
                      <br/>
                      <span>
                        <img width="3%" src="failed.png"/>
                        <a href="#" class="method navigator-link" panel-name="suite-Functional-Test-Suite" title="com.testScript.BookHotelConfirmTests" hash-for-method="orderIdPresentTest">orderIdPresentTest</a> <!-- method navigator-link -->
                      </span>
                      <br/>
                      <span>
                        <img width="3%" src="failed.png"/>
                        <a href="#" class="method navigator-link" panel-name="suite-Functional-Test-Suite" title="com.testScript.BookHotelConfirmTests" hash-for-method="searchOrderIdTest">searchOrderIdTest</a> <!-- method navigator-link -->
                      </span>
                      <br/>
                      <span>
                        <img width="3%" src="failed.png"/>
                        <a href="#" class="method navigator-link" panel-name="suite-Functional-Test-Suite" title="com.testScript.LoginTests" hash-for-method="validLoginTest">validLoginTest</a> <!-- method navigator-link -->
                      </span>
                      <br/>
                    </div> <!-- method-list-content failed suite-Functional-Test-Suite -->
                  </li>
                </ul>
              </div> <!-- suite-section-content -->
            </div> <!-- result-section -->
          </div> <!-- navigator-suite-content -->
        </div> <!-- rounded-window -->
      </div> <!-- suite -->
    </div> <!-- navigator-root -->
    <div class="wrapper">
      <div class="main-panel-root">
        <div panel-name="suite-Adactin-Test-Suite" class="panel Adactin-Test-Suite">
        </div> <!-- panel Adactin-Test-Suite -->
        <div panel-name="suite-Regression-Test-Suite" class="panel Regression-Test-Suite">
          <div class="suite-Regression-Test-Suite-class-failed">
            <div class="main-panel-header rounded-window-top">
              <img src="failed.png"/>
              <span class="class-name">com.testScript.BookHotelConfirmTests</span>
            </div> <!-- main-panel-header rounded-window-top -->
            <div class="main-panel-content rounded-window-bottom">
              <div class="method">
                <div class="method-content">
                  <a name="orderIdPresentTest">
                  </a> <!-- orderIdPresentTest -->
                  <span class="method-name">orderIdPresentTest</span>
                  <div class="stack-trace">java.lang.RuntimeException: java.io.FileNotFoundException: D:\Study\AutomationAdactin\Adactin\Input-Data\TestData.xls (No such file or directory)
Caused by: java.io.FileNotFoundException: D:\Study\AutomationAdactin\Adactin\Input-Data\TestData.xls (No such file or directory)
	at java.io.FileInputStream.open(Native Method)
	at java.io.FileInputStream.&lt;init&gt;(FileInputStream.java:146)
	at jxl.Workbook.getWorkbook(Workbook.java:213)
	at jxl.Workbook.getWorkbook(Workbook.java:198)
	at com.guiPages.excelReader.ExcelReader.excelRead(Unknown Source)
	at com.guiPages.common.ExcelReaderDataprovider.selectHotelDetails(Unknown Source)
	... 20 more
... Removed 27 stack frames
</div> <!-- stack-trace -->
                </div> <!-- method-content -->
              </div> <!-- method -->
              <div class="method">
                <div class="method-content">
                  <a name="orderIdPresentTest">
                  </a> <!-- orderIdPresentTest -->
                  <span class="method-name">orderIdPresentTest</span>
                  <div class="stack-trace">java.lang.RuntimeException: java.io.FileNotFoundException: D:\Study\AutomationAdactin\Adactin\Input-Data\TestData.xls (No such file or directory)
Caused by: java.io.FileNotFoundException: D:\Study\AutomationAdactin\Adactin\Input-Data\TestData.xls (No such file or directory)
	at java.io.FileInputStream.open(Native Method)
	at java.io.FileInputStream.&lt;init&gt;(FileInputStream.java:146)
	at jxl.Workbook.getWorkbook(Workbook.java:213)
	at jxl.Workbook.getWorkbook(Workbook.java:198)
	at com.guiPages.excelReader.ExcelReader.excelRead(Unknown Source)
	at com.guiPages.common.ExcelReaderDataprovider.selectHotelDetails(Unknown Source)
	... 20 more
... Removed 27 stack frames
</div> <!-- stack-trace -->
                </div> <!-- method-content -->
              </div> <!-- method -->
            </div> <!-- main-panel-content rounded-window-bottom -->
          </div> <!-- suite-Regression-Test-Suite-class-failed -->
          <div class="suite-Regression-Test-Suite-class-failed">
            <div class="main-panel-header rounded-window-top">
              <img src="failed.png"/>
              <span class="class-name">com.testScript.LoginTests</span>
            </div> <!-- main-panel-header rounded-window-top -->
            <div class="main-panel-content rounded-window-bottom">
              <div class="method">
                <div class="method-content">
                  <a name="invalidLoginTest">
                  </a> <!-- invalidLoginTest -->
                  <span class="method-name">invalidLoginTest</span>
                  <div class="stack-trace">java.lang.RuntimeException: java.io.FileNotFoundException: D:\Study\AutomationAdactin\Adactin\Input-Data\TestData.xls (No such file or directory)
Caused by: java.io.FileNotFoundException: D:\Study\AutomationAdactin\Adactin\Input-Data\TestData.xls (No such file or directory)
	at java.io.FileInputStream.open(Native Method)
	at java.io.FileInputStream.&lt;init&gt;(FileInputStream.java:146)
	at jxl.Workbook.getWorkbook(Workbook.java:213)
	at jxl.Workbook.getWorkbook(Workbook.java:198)
	at com.guiPages.excelReader.ExcelReader.excelRead(Unknown Source)
	at com.guiPages.common.ExcelReaderDataprovider.loginUserDetails(Unknown Source)
	... 20 more
... Removed 27 stack frames
</div> <!-- stack-trace -->
                </div> <!-- method-content -->
              </div> <!-- method -->
              <div class="method">
                <div class="method-content">
                  <a name="invalidLoginTest">
                  </a> <!-- invalidLoginTest -->
                  <span class="method-name">invalidLoginTest</span>
                  <div class="stack-trace">java.lang.RuntimeException: java.io.FileNotFoundException: D:\Study\AutomationAdactin\Adactin\Input-Data\TestData.xls (No such file or directory)
Caused by: java.io.FileNotFoundException: D:\Study\AutomationAdactin\Adactin\Input-Data\TestData.xls (No such file or directory)
	at java.io.FileInputStream.open(Native Method)
	at java.io.FileInputStream.&lt;init&gt;(FileInputStream.java:146)
	at jxl.Workbook.getWorkbook(Workbook.java:213)
	at jxl.Workbook.getWorkbook(Workbook.java:198)
	at com.guiPages.excelReader.ExcelReader.excelRead(Unknown Source)
	at com.guiPages.common.ExcelReaderDataprovider.loginUserDetails(Unknown Source)
	... 20 more
... Removed 27 stack frames
</div> <!-- stack-trace -->
                </div> <!-- method-content -->
              </div> <!-- method -->
            </div> <!-- main-panel-content rounded-window-bottom -->
          </div> <!-- suite-Regression-Test-Suite-class-failed -->
          <div class="suite-Regression-Test-Suite-class-failed">
            <div class="main-panel-header rounded-window-top">
              <img src="failed.png"/>
              <span class="class-name">com.testScript.SelectHotelValidationTest</span>
            </div> <!-- main-panel-header rounded-window-top -->
            <div class="main-panel-content rounded-window-bottom">
              <div class="method">
                <div class="method-content">
                  <a name="checkinCheckoutReflectedInHotelSelectTest">
                  </a> <!-- checkinCheckoutReflectedInHotelSelectTest -->
                  <span class="method-name">checkinCheckoutReflectedInHotelSelectTest</span>
                  <div class="stack-trace">java.lang.RuntimeException: java.io.FileNotFoundException: D:\Study\AutomationAdactin\Adactin\Input-Data\TestData.xls (No such file or directory)
Caused by: java.io.FileNotFoundException: D:\Study\AutomationAdactin\Adactin\Input-Data\TestData.xls (No such file or directory)
	at java.io.FileInputStream.open(Native Method)
	at java.io.FileInputStream.&lt;init&gt;(FileInputStream.java:146)
	at jxl.Workbook.getWorkbook(Workbook.java:213)
	at jxl.Workbook.getWorkbook(Workbook.java:198)
	at com.guiPages.excelReader.ExcelReader.excelRead(Unknown Source)
	at com.guiPages.common.ExcelReaderDataprovider.selectHotelDetails(Unknown Source)
	... 20 more
... Removed 27 stack frames
</div> <!-- stack-trace -->
                </div> <!-- method-content -->
              </div> <!-- method -->
              <div class="method">
                <div class="method-content">
                  <a name="checkinCheckoutReflectedInHotelSelectTest">
                  </a> <!-- checkinCheckoutReflectedInHotelSelectTest -->
                  <span class="method-name">checkinCheckoutReflectedInHotelSelectTest</span>
                  <div class="stack-trace">java.lang.RuntimeException: java.io.FileNotFoundException: D:\Study\AutomationAdactin\Adactin\Input-Data\TestData.xls (No such file or directory)
Caused by: java.io.FileNotFoundException: D:\Study\AutomationAdactin\Adactin\Input-Data\TestData.xls (No such file or directory)
	at java.io.FileInputStream.open(Native Method)
	at java.io.FileInputStream.&lt;init&gt;(FileInputStream.java:146)
	at jxl.Workbook.getWorkbook(Workbook.java:213)
	at jxl.Workbook.getWorkbook(Workbook.java:198)
	at com.guiPages.excelReader.ExcelReader.excelRead(Unknown Source)
	at com.guiPages.common.ExcelReaderDataprovider.selectHotelDetails(Unknown Source)
	... 20 more
... Removed 27 stack frames
</div> <!-- stack-trace -->
                </div> <!-- method-content -->
              </div> <!-- method -->
              <div class="method">
                <div class="method-content">
                  <a name="locationNameReflectedInHotelSelectTest">
                  </a> <!-- locationNameReflectedInHotelSelectTest -->
                  <span class="method-name">locationNameReflectedInHotelSelectTest</span>
                  <div class="stack-trace">java.lang.RuntimeException: java.io.FileNotFoundException: D:\Study\AutomationAdactin\Adactin\Input-Data\TestData.xls (No such file or directory)
Caused by: java.io.FileNotFoundException: D:\Study\AutomationAdactin\Adactin\Input-Data\TestData.xls (No such file or directory)
	at java.io.FileInputStream.open(Native Method)
	at java.io.FileInputStream.&lt;init&gt;(FileInputStream.java:146)
	at jxl.Workbook.getWorkbook(Workbook.java:213)
	at jxl.Workbook.getWorkbook(Workbook.java:198)
	at com.guiPages.excelReader.ExcelReader.excelRead(Unknown Source)
	at com.guiPages.common.ExcelReaderDataprovider.selectHotelDetails(Unknown Source)
	... 20 more
... Removed 27 stack frames
</div> <!-- stack-trace -->
                </div> <!-- method-content -->
              </div> <!-- method -->
              <div class="method">
                <div class="method-content">
                  <a name="locationNameReflectedInHotelSelectTest">
                  </a> <!-- locationNameReflectedInHotelSelectTest -->
                  <span class="method-name">locationNameReflectedInHotelSelectTest</span>
                  <div class="stack-trace">java.lang.RuntimeException: java.io.FileNotFoundException: D:\Study\AutomationAdactin\Adactin\Input-Data\TestData.xls (No such file or directory)
Caused by: java.io.FileNotFoundException: D:\Study\AutomationAdactin\Adactin\Input-Data\TestData.xls (No such file or directory)
	at java.io.FileInputStream.open(Native Method)
	at java.io.FileInputStream.&lt;init&gt;(FileInputStream.java:146)
	at jxl.Workbook.getWorkbook(Workbook.java:213)
	at jxl.Workbook.getWorkbook(Workbook.java:198)
	at com.guiPages.excelReader.ExcelReader.excelRead(Unknown Source)
	at com.guiPages.common.ExcelReaderDataprovider.selectHotelDetails(Unknown Source)
	... 20 more
... Removed 27 stack frames
</div> <!-- stack-trace -->
                </div> <!-- method-content -->
              </div> <!-- method -->
            </div> <!-- main-panel-content rounded-window-bottom -->
          </div> <!-- suite-Regression-Test-Suite-class-failed -->
          <div class="suite-Regression-Test-Suite-class-failed">
            <div class="main-panel-header rounded-window-top">
              <img src="failed.png"/>
              <span class="class-name">com.testScript.SearchHotelTests</span>
            </div> <!-- main-panel-header rounded-window-top -->
            <div class="main-panel-content rounded-window-bottom">
              <div class="method">
                <div class="method-content">
                  <a name="checkInDateIsPastTest">
                  </a> <!-- checkInDateIsPastTest -->
                  <span class="method-name">checkInDateIsPastTest</span>
                  <div class="stack-trace">java.lang.RuntimeException: java.io.FileNotFoundException: D:\Study\AutomationAdactin\Adactin\Input-Data\TestData.xls (No such file or directory)
Caused by: java.io.FileNotFoundException: D:\Study\AutomationAdactin\Adactin\Input-Data\TestData.xls (No such file or directory)
	at java.io.FileInputStream.open(Native Method)
	at java.io.FileInputStream.&lt;init&gt;(FileInputStream.java:146)
	at jxl.Workbook.getWorkbook(Workbook.java:213)
	at jxl.Workbook.getWorkbook(Workbook.java:198)
	at com.guiPages.excelReader.ExcelReader.excelRead(Unknown Source)
	at com.guiPages.common.ExcelReaderDataprovider.selectHotelDetails(Unknown Source)
	... 20 more
... Removed 27 stack frames
</div> <!-- stack-trace -->
                </div> <!-- method-content -->
              </div> <!-- method -->
              <div class="method">
                <div class="method-content">
                  <a name="checkInDateIsPastTest">
                  </a> <!-- checkInDateIsPastTest -->
                  <span class="method-name">checkInDateIsPastTest</span>
                  <div class="stack-trace">java.lang.RuntimeException: java.io.FileNotFoundException: D:\Study\AutomationAdactin\Adactin\Input-Data\TestData.xls (No such file or directory)
Caused by: java.io.FileNotFoundException: D:\Study\AutomationAdactin\Adactin\Input-Data\TestData.xls (No such file or directory)
	at java.io.FileInputStream.open(Native Method)
	at java.io.FileInputStream.&lt;init&gt;(FileInputStream.java:146)
	at jxl.Workbook.getWorkbook(Workbook.java:213)
	at jxl.Workbook.getWorkbook(Workbook.java:198)
	at com.guiPages.excelReader.ExcelReader.excelRead(Unknown Source)
	at com.guiPages.common.ExcelReaderDataprovider.selectHotelDetails(Unknown Source)
	... 20 more
... Removed 27 stack frames
</div> <!-- stack-trace -->
                </div> <!-- method-content -->
              </div> <!-- method -->
              <div class="method">
                <div class="method-content">
                  <a name="checkOutDateIsPastCheckInDateTest">
                  </a> <!-- checkOutDateIsPastCheckInDateTest -->
                  <span class="method-name">checkOutDateIsPastCheckInDateTest</span>
                  <div class="stack-trace">java.lang.RuntimeException: java.io.FileNotFoundException: D:\Study\AutomationAdactin\Adactin\Input-Data\TestData.xls (No such file or directory)
Caused by: java.io.FileNotFoundException: D:\Study\AutomationAdactin\Adactin\Input-Data\TestData.xls (No such file or directory)
	at java.io.FileInputStream.open(Native Method)
	at java.io.FileInputStream.&lt;init&gt;(FileInputStream.java:146)
	at jxl.Workbook.getWorkbook(Workbook.java:213)
	at jxl.Workbook.getWorkbook(Workbook.java:198)
	at com.guiPages.excelReader.ExcelReader.excelRead(Unknown Source)
	at com.guiPages.common.ExcelReaderDataprovider.selectHotelDetails(Unknown Source)
	... 20 more
... Removed 27 stack frames
</div> <!-- stack-trace -->
                </div> <!-- method-content -->
              </div> <!-- method -->
              <div class="method">
                <div class="method-content">
                  <a name="checkOutDateIsPastCheckInDateTest">
                  </a> <!-- checkOutDateIsPastCheckInDateTest -->
                  <span class="method-name">checkOutDateIsPastCheckInDateTest</span>
                  <div class="stack-trace">java.lang.RuntimeException: java.io.FileNotFoundException: D:\Study\AutomationAdactin\Adactin\Input-Data\TestData.xls (No such file or directory)
Caused by: java.io.FileNotFoundException: D:\Study\AutomationAdactin\Adactin\Input-Data\TestData.xls (No such file or directory)
	at java.io.FileInputStream.open(Native Method)
	at java.io.FileInputStream.&lt;init&gt;(FileInputStream.java:146)
	at jxl.Workbook.getWorkbook(Workbook.java:213)
	at jxl.Workbook.getWorkbook(Workbook.java:198)
	at com.guiPages.excelReader.ExcelReader.excelRead(Unknown Source)
	at com.guiPages.common.ExcelReaderDataprovider.selectHotelDetails(Unknown Source)
	... 20 more
... Removed 27 stack frames
</div> <!-- stack-trace -->
                </div> <!-- method-content -->
              </div> <!-- method -->
              <div class="method">
                <div class="method-content">
                  <a name="validateDropDownsTest">
                  </a> <!-- validateDropDownsTest -->
                  <span class="method-name">validateDropDownsTest</span>
                  <div class="stack-trace">java.lang.RuntimeException: java.io.FileNotFoundException: D:\Study\AutomationAdactin\Adactin\Input-Data\TestData.xls (No such file or directory)
Caused by: java.io.FileNotFoundException: D:\Study\AutomationAdactin\Adactin\Input-Data\TestData.xls (No such file or directory)
	at java.io.FileInputStream.open(Native Method)
	at java.io.FileInputStream.&lt;init&gt;(FileInputStream.java:146)
	at jxl.Workbook.getWorkbook(Workbook.java:213)
	at jxl.Workbook.getWorkbook(Workbook.java:198)
	at com.guiPages.excelReader.ExcelReader.excelRead(Unknown Source)
	at com.guiPages.common.ExcelReaderDataprovider.selectHotelDetails(Unknown Source)
	... 20 more
... Removed 27 stack frames
</div> <!-- stack-trace -->
                </div> <!-- method-content -->
              </div> <!-- method -->
              <div class="method">
                <div class="method-content">
                  <a name="validateDropDownsTest">
                  </a> <!-- validateDropDownsTest -->
                  <span class="method-name">validateDropDownsTest</span>
                  <div class="stack-trace">java.lang.RuntimeException: java.io.FileNotFoundException: D:\Study\AutomationAdactin\Adactin\Input-Data\TestData.xls (No such file or directory)
Caused by: java.io.FileNotFoundException: D:\Study\AutomationAdactin\Adactin\Input-Data\TestData.xls (No such file or directory)
	at java.io.FileInputStream.open(Native Method)
	at java.io.FileInputStream.&lt;init&gt;(FileInputStream.java:146)
	at jxl.Workbook.getWorkbook(Workbook.java:213)
	at jxl.Workbook.getWorkbook(Workbook.java:198)
	at com.guiPages.excelReader.ExcelReader.excelRead(Unknown Source)
	at com.guiPages.common.ExcelReaderDataprovider.selectHotelDetails(Unknown Source)
	... 20 more
... Removed 27 stack frames
</div> <!-- stack-trace -->
                </div> <!-- method-content -->
              </div> <!-- method -->
            </div> <!-- main-panel-content rounded-window-bottom -->
          </div> <!-- suite-Regression-Test-Suite-class-failed -->
          <div class="suite-Regression-Test-Suite-class-skipped">
            <div class="main-panel-header rounded-window-top">
              <img src="skipped.png"/>
              <span class="class-name">com.testScript.LoginTests</span>
            </div> <!-- main-panel-header rounded-window-top -->
            <div class="main-panel-content rounded-window-bottom">
              <div class="method">
                <div class="method-content">
                  <a name="forgotPasswordLinkNavigationTest">
                  </a> <!-- forgotPasswordLinkNavigationTest -->
                  <span class="method-name">forgotPasswordLinkNavigationTest</span>
                </div> <!-- method-content -->
              </div> <!-- method -->
              <div class="method">
                <div class="method-content">
                  <a name="registerNewUserNavigationTest">
                  </a> <!-- registerNewUserNavigationTest -->
                  <span class="method-name">registerNewUserNavigationTest</span>
                </div> <!-- method-content -->
              </div> <!-- method -->
            </div> <!-- main-panel-content rounded-window-bottom -->
          </div> <!-- suite-Regression-Test-Suite-class-skipped -->
          <div class="suite-Regression-Test-Suite-class-passed">
            <div class="main-panel-header rounded-window-top">
              <img src="passed.png"/>
              <span class="class-name">com.testScript.LoginTests</span>
            </div> <!-- main-panel-header rounded-window-top -->
            <div class="main-panel-content rounded-window-bottom">
              <div class="method">
                <div class="method-content">
                  <a name="forgotPasswordLinkNavigationTest">
                  </a> <!-- forgotPasswordLinkNavigationTest -->
                  <span class="method-name">forgotPasswordLinkNavigationTest</span>
                </div> <!-- method-content -->
              </div> <!-- method -->
              <div class="method">
                <div class="method-content">
                  <a name="registerNewUserNavigationTest">
                  </a> <!-- registerNewUserNavigationTest -->
                  <span class="method-name">registerNewUserNavigationTest</span>
                </div> <!-- method-content -->
              </div> <!-- method -->
            </div> <!-- main-panel-content rounded-window-bottom -->
          </div> <!-- suite-Regression-Test-Suite-class-passed -->
        </div> <!-- panel Regression-Test-Suite -->
        <div panel-name="suite-Functional-Test-Suite" class="panel Functional-Test-Suite">
          <div class="suite-Functional-Test-Suite-class-failed">
            <div class="main-panel-header rounded-window-top">
              <img src="failed.png"/>
              <span class="class-name">com.testScript.CancelOrderIdsTests</span>
            </div> <!-- main-panel-header rounded-window-top -->
            <div class="main-panel-content rounded-window-bottom">
              <div class="method">
                <div class="method-content">
                  <a name="cancelOrderButtonTest">
                  </a> <!-- cancelOrderButtonTest -->
                  <span class="method-name">cancelOrderButtonTest</span>
                  <div class="stack-trace">java.lang.RuntimeException: java.io.FileNotFoundException: D:\Study\AutomationAdactin\Adactin\Input-Data\TestData.xls (No such file or directory)
Caused by: java.io.FileNotFoundException: D:\Study\AutomationAdactin\Adactin\Input-Data\TestData.xls (No such file or directory)
	at java.io.FileInputStream.open(Native Method)
	at java.io.FileInputStream.&lt;init&gt;(FileInputStream.java:146)
	at jxl.Workbook.getWorkbook(Workbook.java:213)
	at jxl.Workbook.getWorkbook(Workbook.java:198)
	at com.guiPages.excelReader.ExcelReader.excelRead(Unknown Source)
	at com.guiPages.common.ExcelReaderDataprovider.loginUserDetails(Unknown Source)
	... 20 more
... Removed 27 stack frames
</div> <!-- stack-trace -->
                </div> <!-- method-content -->
              </div> <!-- method -->
            </div> <!-- main-panel-content rounded-window-bottom -->
          </div> <!-- suite-Functional-Test-Suite-class-failed -->
          <div class="suite-Functional-Test-Suite-class-failed">
            <div class="main-panel-header rounded-window-top">
              <img src="failed.png"/>
              <span class="class-name">com.testScript.BookHotelConfirmTests</span>
            </div> <!-- main-panel-header rounded-window-top -->
            <div class="main-panel-content rounded-window-bottom">
              <div class="method">
                <div class="method-content">
                  <a name="orderIdPresentTest">
                  </a> <!-- orderIdPresentTest -->
                  <span class="method-name">orderIdPresentTest</span>
                  <div class="stack-trace">java.lang.RuntimeException: java.io.FileNotFoundException: D:\Study\AutomationAdactin\Adactin\Input-Data\TestData.xls (No such file or directory)
Caused by: java.io.FileNotFoundException: D:\Study\AutomationAdactin\Adactin\Input-Data\TestData.xls (No such file or directory)
	at java.io.FileInputStream.open(Native Method)
	at java.io.FileInputStream.&lt;init&gt;(FileInputStream.java:146)
	at jxl.Workbook.getWorkbook(Workbook.java:213)
	at jxl.Workbook.getWorkbook(Workbook.java:198)
	at com.guiPages.excelReader.ExcelReader.excelRead(Unknown Source)
	at com.guiPages.common.ExcelReaderDataprovider.selectHotelDetails(Unknown Source)
	... 20 more
... Removed 27 stack frames
</div> <!-- stack-trace -->
                </div> <!-- method-content -->
              </div> <!-- method -->
              <div class="method">
                <div class="method-content">
                  <a name="searchOrderIdTest">
                  </a> <!-- searchOrderIdTest -->
                  <span class="method-name">searchOrderIdTest</span>
                  <div class="stack-trace">java.lang.RuntimeException: java.io.FileNotFoundException: D:\Study\AutomationAdactin\Adactin\Input-Data\TestData.xls (No such file or directory)
Caused by: java.io.FileNotFoundException: D:\Study\AutomationAdactin\Adactin\Input-Data\TestData.xls (No such file or directory)
	at java.io.FileInputStream.open(Native Method)
	at java.io.FileInputStream.&lt;init&gt;(FileInputStream.java:146)
	at jxl.Workbook.getWorkbook(Workbook.java:213)
	at jxl.Workbook.getWorkbook(Workbook.java:198)
	at com.guiPages.excelReader.ExcelReader.excelRead(Unknown Source)
	at com.guiPages.common.ExcelReaderDataprovider.selectHotelDetails(Unknown Source)
	... 20 more
... Removed 27 stack frames
</div> <!-- stack-trace -->
                </div> <!-- method-content -->
              </div> <!-- method -->
            </div> <!-- main-panel-content rounded-window-bottom -->
          </div> <!-- suite-Functional-Test-Suite-class-failed -->
          <div class="suite-Functional-Test-Suite-class-failed">
            <div class="main-panel-header rounded-window-top">
              <img src="failed.png"/>
              <span class="class-name">com.testScript.LoginTests</span>
            </div> <!-- main-panel-header rounded-window-top -->
            <div class="main-panel-content rounded-window-bottom">
              <div class="method">
                <div class="method-content">
                  <a name="validLoginTest">
                  </a> <!-- validLoginTest -->
                  <span class="method-name">validLoginTest</span>
                  <div class="stack-trace">java.lang.RuntimeException: java.io.FileNotFoundException: D:\Study\AutomationAdactin\Adactin\Input-Data\TestData.xls (No such file or directory)
Caused by: java.io.FileNotFoundException: D:\Study\AutomationAdactin\Adactin\Input-Data\TestData.xls (No such file or directory)
	at java.io.FileInputStream.open(Native Method)
	at java.io.FileInputStream.&lt;init&gt;(FileInputStream.java:146)
	at jxl.Workbook.getWorkbook(Workbook.java:213)
	at jxl.Workbook.getWorkbook(Workbook.java:198)
	at com.guiPages.excelReader.ExcelReader.excelRead(Unknown Source)
	at com.guiPages.common.ExcelReaderDataprovider.loginUserDetails(Unknown Source)
	... 20 more
... Removed 27 stack frames
</div> <!-- stack-trace -->
                </div> <!-- method-content -->
              </div> <!-- method -->
            </div> <!-- main-panel-content rounded-window-bottom -->
          </div> <!-- suite-Functional-Test-Suite-class-failed -->
          <div class="suite-Functional-Test-Suite-class-failed">
            <div class="main-panel-header rounded-window-top">
              <img src="failed.png"/>
              <span class="class-name">com.testScript.SelectHotelValidationTest</span>
            </div> <!-- main-panel-header rounded-window-top -->
            <div class="main-panel-content rounded-window-bottom">
              <div class="method">
                <div class="method-content">
                  <a name="defaultHotelSelectionTest">
                  </a> <!-- defaultHotelSelectionTest -->
                  <span class="method-name">defaultHotelSelectionTest</span>
                  <div class="stack-trace">java.lang.RuntimeException: java.io.FileNotFoundException: D:\Study\AutomationAdactin\Adactin\Input-Data\TestData.xls (No such file or directory)
Caused by: java.io.FileNotFoundException: D:\Study\AutomationAdactin\Adactin\Input-Data\TestData.xls (No such file or directory)
	at java.io.FileInputStream.open(Native Method)
	at java.io.FileInputStream.&lt;init&gt;(FileInputStream.java:146)
	at jxl.Workbook.getWorkbook(Workbook.java:213)
	at jxl.Workbook.getWorkbook(Workbook.java:198)
	at com.guiPages.excelReader.ExcelReader.excelRead(Unknown Source)
	at com.guiPages.common.ExcelReaderDataprovider.selectHotelDetails(Unknown Source)
	... 20 more
... Removed 27 stack frames
</div> <!-- stack-trace -->
                </div> <!-- method-content -->
              </div> <!-- method -->
            </div> <!-- main-panel-content rounded-window-bottom -->
          </div> <!-- suite-Functional-Test-Suite-class-failed -->
        </div> <!-- panel Functional-Test-Suite -->
        <div panel-name="test-xml-Adactin-Test-Suite" class="panel">
          <div class="main-panel-header rounded-window-top">
            <span class="header-content">/Personal/Docs/Java-WS/Adactin/Adactin/testng.xml</span>
          </div> <!-- main-panel-header rounded-window-top -->
          <div class="main-panel-content rounded-window-bottom">
            <pre>
&lt;?xml version=&quot;1.0&quot; encoding=&quot;UTF-8&quot;?&gt;
&lt;!DOCTYPE suite SYSTEM &quot;http://testng.org/testng-1.0.dtd&quot;&gt;
&lt;suite name=&quot;Adactin-Test-Suite&quot;&gt;
  &lt;suite-files&gt;
    &lt;suite-file path=&quot;Functional-Suite.xml&quot;/&gt;
    &lt;suite-file path=&quot;Regression-Suite.xml&quot;/&gt;
  &lt;/suite-files&gt;
&lt;/suite&gt; &lt;!-- Adactin-Test-Suite --&gt;
            </pre>
          </div> <!-- main-panel-content rounded-window-bottom -->
        </div> <!-- panel -->
        <div panel-name="test-xml-Regression-Test-Suite" class="panel">
          <div class="main-panel-header rounded-window-top">
            <span class="header-content">/Personal/Docs/Java-WS/Adactin/Adactin/Regression-Suite.xml</span>
          </div> <!-- main-panel-header rounded-window-top -->
          <div class="main-panel-content rounded-window-bottom">
            <pre>
&lt;?xml version=&quot;1.0&quot; encoding=&quot;UTF-8&quot;?&gt;
&lt;!DOCTYPE suite SYSTEM &quot;http://testng.org/testng-1.0.dtd&quot;&gt;
&lt;suite name=&quot;Regression-Test-Suite&quot;&gt;
  &lt;test name=&quot;Regression-Tests-Firefox&quot;&gt;
    &lt;parameter name=&quot;browser&quot; value=&quot;firefox&quot;/&gt;
    &lt;classes&gt;
      &lt;class name=&quot;com.testScript.LoginTests&quot;&gt;
        &lt;methods&gt;
          &lt;include name=&quot;registerNewUserNavigationTest&quot;/&gt;
          &lt;include name=&quot;forgotPasswordLinkNavigationTest&quot;/&gt;
          &lt;include name=&quot;invalidLoginTest&quot;/&gt;
        &lt;/methods&gt;
      &lt;/class&gt; &lt;!-- com.testScript.LoginTests --&gt;
      &lt;class name=&quot;com.testScript.SearchHotelTests&quot;&gt;
        &lt;methods&gt;
          &lt;include name=&quot;validateDropDownsTest&quot;/&gt;
          &lt;include name=&quot;checkOutDateIsPastCheckInDateTest&quot;/&gt;
          &lt;include name=&quot;checkInDateIsPastTest&quot;/&gt;
        &lt;/methods&gt;
      &lt;/class&gt; &lt;!-- com.testScript.SearchHotelTests --&gt;
      &lt;class name=&quot;com.testScript.SelectHotelValidationTest&quot;&gt;
        &lt;methods&gt;
          &lt;include name=&quot;locationNameReflectedInHotelSelectTest&quot;/&gt;
          &lt;include name=&quot;checkinCheckoutReflectedInHotelSelectTest&quot;/&gt;
        &lt;/methods&gt;
      &lt;/class&gt; &lt;!-- com.testScript.SelectHotelValidationTest --&gt;
      &lt;class name=&quot;com.testScript.BookHotelConfirmTests&quot;&gt;
        &lt;methods&gt;
          &lt;include name=&quot;orderIdPresentTest&quot;/&gt;
        &lt;/methods&gt;
      &lt;/class&gt; &lt;!-- com.testScript.BookHotelConfirmTests --&gt;
    &lt;/classes&gt;
  &lt;/test&gt; &lt;!-- Regression-Tests-Firefox --&gt;
  &lt;test name=&quot;Regression-Tests-Chrome&quot;&gt;
    &lt;parameter name=&quot;browser&quot; value=&quot;chrome&quot;/&gt;
    &lt;classes&gt;
      &lt;class name=&quot;com.testScript.LoginTests&quot;&gt;
        &lt;methods&gt;
          &lt;include name=&quot;registerNewUserNavigationTest&quot;/&gt;
          &lt;include name=&quot;forgotPasswordLinkNavigationTest&quot;/&gt;
          &lt;include name=&quot;invalidLoginTest&quot;/&gt;
        &lt;/methods&gt;
      &lt;/class&gt; &lt;!-- com.testScript.LoginTests --&gt;
      &lt;class name=&quot;com.testScript.SearchHotelTests&quot;&gt;
        &lt;methods&gt;
          &lt;include name=&quot;validateDropDownsTest&quot;/&gt;
          &lt;include name=&quot;checkOutDateIsPastCheckInDateTest&quot;/&gt;
          &lt;include name=&quot;checkInDateIsPastTest&quot;/&gt;
        &lt;/methods&gt;
      &lt;/class&gt; &lt;!-- com.testScript.SearchHotelTests --&gt;
      &lt;class name=&quot;com.testScript.SelectHotelValidationTest&quot;&gt;
        &lt;methods&gt;
          &lt;include name=&quot;locationNameReflectedInHotelSelectTest&quot;/&gt;
          &lt;include name=&quot;checkinCheckoutReflectedInHotelSelectTest&quot;/&gt;
        &lt;/methods&gt;
      &lt;/class&gt; &lt;!-- com.testScript.SelectHotelValidationTest --&gt;
      &lt;class name=&quot;com.testScript.BookHotelConfirmTests&quot;&gt;
        &lt;methods&gt;
          &lt;include name=&quot;orderIdPresentTest&quot;/&gt;
        &lt;/methods&gt;
      &lt;/class&gt; &lt;!-- com.testScript.BookHotelConfirmTests --&gt;
    &lt;/classes&gt;
  &lt;/test&gt; &lt;!-- Regression-Tests-Chrome --&gt;
&lt;/suite&gt; &lt;!-- Regression-Test-Suite --&gt;
            </pre>
          </div> <!-- main-panel-content rounded-window-bottom -->
        </div> <!-- panel -->
        <div panel-name="test-xml-Functional-Test-Suite" class="panel">
          <div class="main-panel-header rounded-window-top">
            <span class="header-content">/Personal/Docs/Java-WS/Adactin/Adactin/Functional-Suite.xml</span>
          </div> <!-- main-panel-header rounded-window-top -->
          <div class="main-panel-content rounded-window-bottom">
            <pre>
&lt;?xml version=&quot;1.0&quot; encoding=&quot;UTF-8&quot;?&gt;
&lt;!DOCTYPE suite SYSTEM &quot;http://testng.org/testng-1.0.dtd&quot;&gt;
&lt;suite name=&quot;Functional-Test-Suite&quot;&gt;
  &lt;test name=&quot;Functional-Tests&quot;&gt;
    &lt;parameter name=&quot;browser&quot; value=&quot;firefox&quot;/&gt;
    &lt;classes&gt;
      &lt;class name=&quot;com.testScript.LoginTests&quot;&gt;
        &lt;methods&gt;
          &lt;include name=&quot;validLoginTest&quot;/&gt;
        &lt;/methods&gt;
      &lt;/class&gt; &lt;!-- com.testScript.LoginTests --&gt;
      &lt;class name=&quot;com.testScript.SelectHotelValidationTest&quot;&gt;
        &lt;methods&gt;
          &lt;include name=&quot;defaultHotelSelectionTest&quot;/&gt;
        &lt;/methods&gt;
      &lt;/class&gt; &lt;!-- com.testScript.SelectHotelValidationTest --&gt;
      &lt;class name=&quot;com.testScript.BookHotelConfirmTests&quot;&gt;
        &lt;methods&gt;
          &lt;include name=&quot;orderIdPresentTest&quot;/&gt;
          &lt;include name=&quot;searchOrderIdTest&quot;/&gt;
        &lt;/methods&gt;
      &lt;/class&gt; &lt;!-- com.testScript.BookHotelConfirmTests --&gt;
      &lt;class name=&quot;com.testScript.CancelOrderIdsTests&quot;&gt;
        &lt;methods&gt;
          &lt;include name=&quot;cancelOrderButtonTest&quot;/&gt;
        &lt;/methods&gt;
      &lt;/class&gt; &lt;!-- com.testScript.CancelOrderIdsTests --&gt;
    &lt;/classes&gt;
  &lt;/test&gt; &lt;!-- Functional-Tests --&gt;
&lt;/suite&gt; &lt;!-- Functional-Test-Suite --&gt;
            </pre>
          </div> <!-- main-panel-content rounded-window-bottom -->
        </div> <!-- panel -->
        <div panel-name="testlist-Adactin-Test-Suite" class="panel">
          <div class="main-panel-header rounded-window-top">
            <span class="header-content">Tests for Adactin-Test-Suite</span>
          </div> <!-- main-panel-header rounded-window-top -->
          <div class="main-panel-content rounded-window-bottom">
            <ul>
            </ul>
          </div> <!-- main-panel-content rounded-window-bottom -->
        </div> <!-- panel -->
        <div panel-name="testlist-Regression-Test-Suite" class="panel">
          <div class="main-panel-header rounded-window-top">
            <span class="header-content">Tests for Regression-Test-Suite</span>
          </div> <!-- main-panel-header rounded-window-top -->
          <div class="main-panel-content rounded-window-bottom">
            <ul>
              <li>
                <span class="test-name">Regression-Tests-Firefox (4 classes)</span>
              </li>
              <li>
                <span class="test-name">Regression-Tests-Chrome (4 classes)</span>
              </li>
            </ul>
          </div> <!-- main-panel-content rounded-window-bottom -->
        </div> <!-- panel -->
        <div panel-name="testlist-Functional-Test-Suite" class="panel">
          <div class="main-panel-header rounded-window-top">
            <span class="header-content">Tests for Functional-Test-Suite</span>
          </div> <!-- main-panel-header rounded-window-top -->
          <div class="main-panel-content rounded-window-bottom">
            <ul>
              <li>
                <span class="test-name">Functional-Tests (4 classes)</span>
              </li>
            </ul>
          </div> <!-- main-panel-content rounded-window-bottom -->
        </div> <!-- panel -->
        <div panel-name="group-Adactin-Test-Suite" class="panel">
          <div class="main-panel-header rounded-window-top">
            <span class="header-content">Groups for Adactin-Test-Suite</span>
          </div> <!-- main-panel-header rounded-window-top -->
          <div class="main-panel-content rounded-window-bottom">
          </div> <!-- main-panel-content rounded-window-bottom -->
        </div> <!-- panel -->
        <div panel-name="group-Regression-Test-Suite" class="panel">
          <div class="main-panel-header rounded-window-top">
            <span class="header-content">Groups for Regression-Test-Suite</span>
          </div> <!-- main-panel-header rounded-window-top -->
          <div class="main-panel-content rounded-window-bottom">
          </div> <!-- main-panel-content rounded-window-bottom -->
        </div> <!-- panel -->
        <div panel-name="group-Functional-Test-Suite" class="panel">
          <div class="main-panel-header rounded-window-top">
            <span class="header-content">Groups for Functional-Test-Suite</span>
          </div> <!-- main-panel-header rounded-window-top -->
          <div class="main-panel-content rounded-window-bottom">
          </div> <!-- main-panel-content rounded-window-bottom -->
        </div> <!-- panel -->
        <div panel-name="times-Adactin-Test-Suite" class="panel">
          <div class="main-panel-header rounded-window-top">
            <span class="header-content">Times for Adactin-Test-Suite</span>
          </div> <!-- main-panel-header rounded-window-top -->
          <div class="main-panel-content rounded-window-bottom">
            <div class="times-div">
              <script type="text/javascript">
suiteTableInitFunctions.push('tableData_Adactin-Test-Suite');
function tableData_Adactin-Test-Suite() {
var data = new google.visualization.DataTable();
data.addColumn('number', 'Number');
data.addColumn('string', 'Method');
data.addColumn('string', 'Class');
data.addColumn('number', 'Time (ms)');
data.addRows(0);
window.suiteTableData['Adactin-Test-Suite']= { tableData: data, tableDiv: 'times-div-Adactin-Test-Suite'}
return data;
}
              </script>
              <div id="times-div-Adactin-Test-Suite">
              </div> <!-- times-div-Adactin-Test-Suite -->
            </div> <!-- times-div -->
          </div> <!-- main-panel-content rounded-window-bottom -->
        </div> <!-- panel -->
        <div panel-name="times-Regression-Test-Suite" class="panel">
          <div class="main-panel-header rounded-window-top">
            <span class="header-content">Times for Regression-Test-Suite</span>
          </div> <!-- main-panel-header rounded-window-top -->
          <div class="main-panel-content rounded-window-bottom">
            <div class="times-div">
              <script type="text/javascript">
suiteTableInitFunctions.push('tableData_Regression-Test-Suite');
function tableData_Regression-Test-Suite() {
var data = new google.visualization.DataTable();
data.addColumn('number', 'Number');
data.addColumn('string', 'Method');
data.addColumn('string', 'Class');
data.addColumn('number', 'Time (ms)');
data.addRows(18);
data.setCell(0, 0, 0)
data.setCell(0, 1, 'forgotPasswordLinkNavigationTest')
data.setCell(0, 2, 'com.testScript.LoginTests')
data.setCell(0, 3, 601);
data.setCell(1, 0, 1)
data.setCell(1, 1, 'registerNewUserNavigationTest')
data.setCell(1, 2, 'com.testScript.LoginTests')
data.setCell(1, 3, 553);
data.setCell(2, 0, 2)
data.setCell(2, 1, 'orderIdPresentTest')
data.setCell(2, 2, 'com.testScript.BookHotelConfirmTests')
data.setCell(2, 3, 0);
data.setCell(3, 0, 3)
data.setCell(3, 1, 'invalidLoginTest')
data.setCell(3, 2, 'com.testScript.LoginTests')
data.setCell(3, 3, 0);
data.setCell(4, 0, 4)
data.setCell(4, 1, 'validateDropDownsTest')
data.setCell(4, 2, 'com.testScript.SearchHotelTests')
data.setCell(4, 3, 0);
data.setCell(5, 0, 5)
data.setCell(5, 1, 'locationNameReflectedInHotelSelectTest')
data.setCell(5, 2, 'com.testScript.SelectHotelValidationTest')
data.setCell(5, 3, 0);
data.setCell(6, 0, 6)
data.setCell(6, 1, 'checkinCheckoutReflectedInHotelSelectTest')
data.setCell(6, 2, 'com.testScript.SelectHotelValidationTest')
data.setCell(6, 3, 0);
data.setCell(7, 0, 7)
data.setCell(7, 1, 'checkOutDateIsPastCheckInDateTest')
data.setCell(7, 2, 'com.testScript.SearchHotelTests')
data.setCell(7, 3, 0);
data.setCell(8, 0, 8)
data.setCell(8, 1, 'checkInDateIsPastTest')
data.setCell(8, 2, 'com.testScript.SearchHotelTests')
data.setCell(8, 3, 0);
data.setCell(9, 0, 9)
data.setCell(9, 1, 'orderIdPresentTest')
data.setCell(9, 2, 'com.testScript.BookHotelConfirmTests')
data.setCell(9, 3, 0);
data.setCell(10, 0, 10)
data.setCell(10, 1, 'validateDropDownsTest')
data.setCell(10, 2, 'com.testScript.SearchHotelTests')
data.setCell(10, 3, 0);
data.setCell(11, 0, 11)
data.setCell(11, 1, 'invalidLoginTest')
data.setCell(11, 2, 'com.testScript.LoginTests')
data.setCell(11, 3, 0);
data.setCell(12, 0, 12)
data.setCell(12, 1, 'checkInDateIsPastTest')
data.setCell(12, 2, 'com.testScript.SearchHotelTests')
data.setCell(12, 3, 0);
data.setCell(13, 0, 13)
data.setCell(13, 1, 'locationNameReflectedInHotelSelectTest')
data.setCell(13, 2, 'com.testScript.SelectHotelValidationTest')
data.setCell(13, 3, 0);
data.setCell(14, 0, 14)
data.setCell(14, 1, 'checkinCheckoutReflectedInHotelSelectTest')
data.setCell(14, 2, 'com.testScript.SelectHotelValidationTest')
data.setCell(14, 3, 0);
data.setCell(15, 0, 15)
data.setCell(15, 1, 'checkOutDateIsPastCheckInDateTest')
data.setCell(15, 2, 'com.testScript.SearchHotelTests')
data.setCell(15, 3, 0);
data.setCell(16, 0, 16)
data.setCell(16, 1, 'forgotPasswordLinkNavigationTest')
data.setCell(16, 2, 'com.testScript.LoginTests')
data.setCell(16, 3, 0);
data.setCell(17, 0, 17)
data.setCell(17, 1, 'registerNewUserNavigationTest')
data.setCell(17, 2, 'com.testScript.LoginTests')
data.setCell(17, 3, 0);
window.suiteTableData['Regression-Test-Suite']= { tableData: data, tableDiv: 'times-div-Regression-Test-Suite'}
return data;
}
              </script>
              <span class="suite-total-time">Total running time: 1 seconds</span>
              <div id="times-div-Regression-Test-Suite">
              </div> <!-- times-div-Regression-Test-Suite -->
            </div> <!-- times-div -->
          </div> <!-- main-panel-content rounded-window-bottom -->
        </div> <!-- panel -->
        <div panel-name="times-Functional-Test-Suite" class="panel">
          <div class="main-panel-header rounded-window-top">
            <span class="header-content">Times for Functional-Test-Suite</span>
          </div> <!-- main-panel-header rounded-window-top -->
          <div class="main-panel-content rounded-window-bottom">
            <div class="times-div">
              <script type="text/javascript">
suiteTableInitFunctions.push('tableData_Functional-Test-Suite');
function tableData_Functional-Test-Suite() {
var data = new google.visualization.DataTable();
data.addColumn('number', 'Number');
data.addColumn('string', 'Method');
data.addColumn('string', 'Class');
data.addColumn('number', 'Time (ms)');
data.addRows(5);
data.setCell(0, 0, 0)
data.setCell(0, 1, 'cancelOrderButtonTest')
data.setCell(0, 2, 'com.testScript.CancelOrderIdsTests')
data.setCell(0, 3, 0);
data.setCell(1, 0, 1)
data.setCell(1, 1, 'searchOrderIdTest')
data.setCell(1, 2, 'com.testScript.BookHotelConfirmTests')
data.setCell(1, 3, 0);
data.setCell(2, 0, 2)
data.setCell(2, 1, 'orderIdPresentTest')
data.setCell(2, 2, 'com.testScript.BookHotelConfirmTests')
data.setCell(2, 3, 0);
data.setCell(3, 0, 3)
data.setCell(3, 1, 'defaultHotelSelectionTest')
data.setCell(3, 2, 'com.testScript.SelectHotelValidationTest')
data.setCell(3, 3, 0);
data.setCell(4, 0, 4)
data.setCell(4, 1, 'validLoginTest')
data.setCell(4, 2, 'com.testScript.LoginTests')
data.setCell(4, 3, 0);
window.suiteTableData['Functional-Test-Suite']= { tableData: data, tableDiv: 'times-div-Functional-Test-Suite'}
return data;
}
              </script>
              <span class="suite-total-time">Total running time: 0 ms</span>
              <div id="times-div-Functional-Test-Suite">
              </div> <!-- times-div-Functional-Test-Suite -->
            </div> <!-- times-div -->
          </div> <!-- main-panel-content rounded-window-bottom -->
        </div> <!-- panel -->
        <div panel-name="reporter-Adactin-Test-Suite" class="panel">
          <div class="main-panel-header rounded-window-top">
            <span class="header-content">Reporter output for Adactin-Test-Suite</span>
          </div> <!-- main-panel-header rounded-window-top -->
          <div class="main-panel-content rounded-window-bottom">
          </div> <!-- main-panel-content rounded-window-bottom -->
        </div> <!-- panel -->
        <div panel-name="reporter-Regression-Test-Suite" class="panel">
          <div class="main-panel-header rounded-window-top">
            <span class="header-content">Reporter output for Regression-Test-Suite</span>
          </div> <!-- main-panel-header rounded-window-top -->
          <div class="main-panel-content rounded-window-bottom">
          </div> <!-- main-panel-content rounded-window-bottom -->
        </div> <!-- panel -->
        <div panel-name="reporter-Functional-Test-Suite" class="panel">
          <div class="main-panel-header rounded-window-top">
            <span class="header-content">Reporter output for Functional-Test-Suite</span>
          </div> <!-- main-panel-header rounded-window-top -->
          <div class="main-panel-content rounded-window-bottom">
          </div> <!-- main-panel-content rounded-window-bottom -->
        </div> <!-- panel -->
        <div panel-name="ignored-methods-Adactin-Test-Suite" class="panel">
          <div class="main-panel-header rounded-window-top">
            <span class="header-content">0 ignored methods</span>
          </div> <!-- main-panel-header rounded-window-top -->
          <div class="main-panel-content rounded-window-bottom">
          </div> <!-- main-panel-content rounded-window-bottom -->
        </div> <!-- panel -->
        <div panel-name="ignored-methods-Regression-Test-Suite" class="panel">
          <div class="main-panel-header rounded-window-top">
            <span class="header-content">12 ignored methods</span>
          </div> <!-- main-panel-header rounded-window-top -->
          <div class="main-panel-content rounded-window-bottom">
            <div class="ignored-class-div">
              <span class="ignored-class-name">com.testScript.BookHotelConfirmTests</span>
              <div class="ignored-methods-div">
                <span class="ignored-method-name">searchOrderIdTest</span>
                <br/>
                <span class="ignored-method-name">searchOrderIdTest</span>
                <br/>
              </div> <!-- ignored-methods-div -->
            </div> <!-- ignored-class-div -->
            <div class="ignored-class-div">
              <span class="ignored-class-name">com.testScript.LoginTests</span>
              <div class="ignored-methods-div">
                <span class="ignored-method-name">beforeClass</span>
                <br/>
                <span class="ignored-method-name">beforeClass</span>
                <br/>
                <span class="ignored-method-name">validLoginTest</span>
                <br/>
                <span class="ignored-method-name">validLoginTest</span>
                <br/>
              </div> <!-- ignored-methods-div -->
            </div> <!-- ignored-class-div -->
            <div class="ignored-class-div">
              <span class="ignored-class-name">com.testScript.SelectHotelValidationTest</span>
              <div class="ignored-methods-div">
                <span class="ignored-method-name">defaultHotelSelectionTest</span>
                <br/>
                <span class="ignored-method-name">defaultHotelSelectionTest</span>
                <br/>
                <span class="ignored-method-name">beforeClass</span>
                <br/>
                <span class="ignored-method-name">beforeClass</span>
                <br/>
              </div> <!-- ignored-methods-div -->
            </div> <!-- ignored-class-div -->
            <div class="ignored-class-div">
              <span class="ignored-class-name">com.testScript.SearchHotelTests</span>
              <div class="ignored-methods-div">
                <span class="ignored-method-name">beforeClass</span>
                <br/>
                <span class="ignored-method-name">beforeClass</span>
                <br/>
              </div> <!-- ignored-methods-div -->
            </div> <!-- ignored-class-div -->
          </div> <!-- main-panel-content rounded-window-bottom -->
        </div> <!-- panel -->
        <div panel-name="ignored-methods-Functional-Test-Suite" class="panel">
          <div class="main-panel-header rounded-window-top">
            <span class="header-content">9 ignored methods</span>
          </div> <!-- main-panel-header rounded-window-top -->
          <div class="main-panel-content rounded-window-bottom">
            <div class="ignored-class-div">
              <span class="ignored-class-name">com.testScript.CancelOrderIdsTests</span>
              <div class="ignored-methods-div">
                <span class="ignored-method-name">cancelDefaultOrderTest</span>
                <br/>
              </div> <!-- ignored-methods-div -->
            </div> <!-- ignored-class-div -->
            <div class="ignored-class-div">
              <span class="ignored-class-name">com.testScript.BookHotelConfirmTests</span>
              <div class="ignored-methods-div">
                <span class="ignored-method-name">beforeClass</span>
                <br/>
              </div> <!-- ignored-methods-div -->
            </div> <!-- ignored-class-div -->
            <div class="ignored-class-div">
              <span class="ignored-class-name">com.testScript.LoginTests</span>
              <div class="ignored-methods-div">
                <span class="ignored-method-name">invalidLoginTest</span>
                <br/>
                <span class="ignored-method-name">beforeClass</span>
                <br/>
                <span class="ignored-method-name">forgotPasswordLinkNavigationTest</span>
                <br/>
                <span class="ignored-method-name">registerNewUserNavigationTest</span>
                <br/>
              </div> <!-- ignored-methods-div -->
            </div> <!-- ignored-class-div -->
            <div class="ignored-class-div">
              <span class="ignored-class-name">com.testScript.SelectHotelValidationTest</span>
              <div class="ignored-methods-div">
                <span class="ignored-method-name">locationNameReflectedInHotelSelectTest</span>
                <br/>
                <span class="ignored-method-name">beforeClass</span>
                <br/>
                <span class="ignored-method-name">checkinCheckoutReflectedInHotelSelectTest</span>
                <br/>
              </div> <!-- ignored-methods-div -->
            </div> <!-- ignored-class-div -->
          </div> <!-- main-panel-content rounded-window-bottom -->
        </div> <!-- panel -->
        <div panel-name="chronological-Adactin-Test-Suite" class="panel">
          <div class="main-panel-header rounded-window-top">
            <span class="header-content">Methods in chronological order</span>
          </div> <!-- main-panel-header rounded-window-top -->
          <div class="main-panel-content rounded-window-bottom">
            <div class="chronological-class">
              <div class="chronological-class-name">com.testScript.CancelOrderIdsTests</div> <!-- chronological-class-name -->
              <div class="configuration-test before">
                <span class="method-name">beforeClass(firefox)</span>
                <span class="method-start">0 ms</span>
              </div> <!-- configuration-test before -->
            </div> <!-- chronological-class -->
            <div class="chronological-class">
              <div class="chronological-class-name">com.testScript.LoginTests</div> <!-- chronological-class-name -->
              <div class="configuration-class before">
                <span class="method-name">setup</span>
                <span class="method-start">2744 ms</span>
              </div> <!-- configuration-class before -->
            </div> <!-- chronological-class -->
            <div class="chronological-class">
              <div class="chronological-class-name">com.testScript.SelectHotelValidationTest</div> <!-- chronological-class-name -->
              <div class="configuration-class before">
                <span class="method-name">setup</span>
                <span class="method-start">4031 ms</span>
              </div> <!-- configuration-class before -->
            </div> <!-- chronological-class -->
            <div class="chronological-class">
              <div class="chronological-class-name">com.testScript.BookHotelConfirmTests</div> <!-- chronological-class-name -->
              <div class="configuration-class before">
                <span class="method-name">setup</span>
                <span class="method-start">4394 ms</span>
              </div> <!-- configuration-class before -->
            </div> <!-- chronological-class -->
            <div class="chronological-class">
              <div class="chronological-class-name">com.testScript.CancelOrderIdsTests</div> <!-- chronological-class-name -->
              <div class="configuration-class before">
                <span class="method-name">setup</span>
                <span class="method-start">4552 ms</span>
              </div> <!-- configuration-class before -->
            </div> <!-- chronological-class -->
            <div class="chronological-class">
              <div class="chronological-class-name">com.testScript.BookHotelConfirmTests</div> <!-- chronological-class-name -->
              <div class="configuration-test after">
                <span class="method-name">teardown</span>
                <span class="method-start">4723 ms</span>
              </div> <!-- configuration-test after -->
            </div> <!-- chronological-class -->
            <div class="chronological-class">
              <div class="chronological-class-name">com.testScript.CancelOrderIdsTests</div> <!-- chronological-class-name -->
              <div class="configuration-test after">
                <span class="method-name">teardown</span>
                <span class="method-start">4792 ms</span>
              </div> <!-- configuration-test after -->
            </div> <!-- chronological-class -->
            <div class="chronological-class">
              <div class="chronological-class-name">com.testScript.LoginTests</div> <!-- chronological-class-name -->
              <div class="configuration-test after">
                <span class="method-name">teardown</span>
                <span class="method-start">4793 ms</span>
              </div> <!-- configuration-test after -->
            </div> <!-- chronological-class -->
            <div class="chronological-class">
              <div class="chronological-class-name">com.testScript.SelectHotelValidationTest</div> <!-- chronological-class-name -->
              <div class="configuration-test after">
                <span class="method-name">teardown</span>
                <span class="method-start">4793 ms</span>
              </div> <!-- configuration-test after -->
            </div> <!-- chronological-class -->
            <div class="chronological-class">
              <div class="chronological-class-name">com.testScript.BookHotelConfirmTests</div> <!-- chronological-class-name -->
              <div class="configuration-test before">
                <span class="method-name">beforeClass(firefox)</span>
                <span class="method-start">4823 ms</span>
              </div> <!-- configuration-test before -->
            </div> <!-- chronological-class -->
            <div class="chronological-class">
              <div class="chronological-class-name">com.testScript.LoginTests</div> <!-- chronological-class-name -->
              <div class="configuration-class before">
                <span class="method-name">setup</span>
                <span class="method-start">6355 ms</span>
              </div> <!-- configuration-class before -->
              <div class="test-method">
                <span class="method-name">registerNewUserNavigationTest</span>
                <span class="method-start">8242 ms</span>
              </div> <!-- test-method -->
              <div class="test-method">
                <span class="method-name">forgotPasswordLinkNavigationTest</span>
                <span class="method-start">8796 ms</span>
              </div> <!-- test-method -->
            </div> <!-- chronological-class -->
            <div class="chronological-class">
              <div class="chronological-class-name">com.testScript.SearchHotelTests</div> <!-- chronological-class-name -->
              <div class="configuration-class before">
                <span class="method-name">setup</span>
                <span class="method-start">9398 ms</span>
              </div> <!-- configuration-class before -->
            </div> <!-- chronological-class -->
            <div class="chronological-class">
              <div class="chronological-class-name">com.testScript.SelectHotelValidationTest</div> <!-- chronological-class-name -->
              <div class="configuration-class before">
                <span class="method-name">setup</span>
                <span class="method-start">9563 ms</span>
              </div> <!-- configuration-class before -->
            </div> <!-- chronological-class -->
            <div class="chronological-class">
              <div class="chronological-class-name">com.testScript.BookHotelConfirmTests</div> <!-- chronological-class-name -->
              <div class="configuration-class before">
                <span class="method-name">setup</span>
                <span class="method-start">9722 ms</span>
              </div> <!-- configuration-class before -->
              <div class="configuration-test after">
                <span class="method-name">teardown</span>
                <span class="method-start">9847 ms</span>
              </div> <!-- configuration-test after -->
            </div> <!-- chronological-class -->
            <div class="chronological-class">
              <div class="chronological-class-name">com.testScript.LoginTests</div> <!-- chronological-class-name -->
              <div class="configuration-test after">
                <span class="method-name">teardown</span>
                <span class="method-start">9947 ms</span>
              </div> <!-- configuration-test after -->
            </div> <!-- chronological-class -->
            <div class="chronological-class">
              <div class="chronological-class-name">com.testScript.SearchHotelTests</div> <!-- chronological-class-name -->
              <div class="configuration-test after">
                <span class="method-name">teardown</span>
                <span class="method-start">9948 ms</span>
              </div> <!-- configuration-test after -->
            </div> <!-- chronological-class -->
            <div class="chronological-class">
              <div class="chronological-class-name">com.testScript.SelectHotelValidationTest</div> <!-- chronological-class-name -->
              <div class="configuration-test after">
                <span class="method-name">teardown</span>
                <span class="method-start">9948 ms</span>
              </div> <!-- configuration-test after -->
            </div> <!-- chronological-class -->
            <div class="chronological-class">
              <div class="chronological-class-name">com.testScript.BookHotelConfirmTests</div> <!-- chronological-class-name -->
              <div class="configuration-test before">
                <img src="failed.png">
                </img>
                <span class="method-name">beforeClass(chrome)</span>
                <span class="method-start">9956 ms</span>
              </div> <!-- configuration-test before -->
            </div> <!-- chronological-class -->
            <div class="chronological-class">
              <div class="chronological-class-name">com.testScript.LoginTests</div> <!-- chronological-class-name -->
              <div class="test-method">
                <span class="method-name">registerNewUserNavigationTest</span>
                <span class="method-start">29986 ms</span>
              </div> <!-- test-method -->
              <div class="test-method">
                <span class="method-name">forgotPasswordLinkNavigationTest</span>
                <span class="method-start">29986 ms</span>
              </div> <!-- test-method -->
          </div> <!-- main-panel-content rounded-window-bottom -->
        </div> <!-- panel -->
        <div panel-name="chronological-Regression-Test-Suite" class="panel">
          <div class="main-panel-header rounded-window-top">
            <span class="header-content">Methods in chronological order</span>
          </div> <!-- main-panel-header rounded-window-top -->
          <div class="main-panel-content rounded-window-bottom">
            <div class="chronological-class">
              <div class="chronological-class-name">com.testScript.CancelOrderIdsTests</div> <!-- chronological-class-name -->
              <div class="configuration-test before">
                <span class="method-name">beforeClass(firefox)</span>
                <span class="method-start">0 ms</span>
              </div> <!-- configuration-test before -->
            </div> <!-- chronological-class -->
            <div class="chronological-class">
              <div class="chronological-class-name">com.testScript.LoginTests</div> <!-- chronological-class-name -->
              <div class="configuration-class before">
                <span class="method-name">setup</span>
                <span class="method-start">2744 ms</span>
              </div> <!-- configuration-class before -->
            </div> <!-- chronological-class -->
            <div class="chronological-class">
              <div class="chronological-class-name">com.testScript.SelectHotelValidationTest</div> <!-- chronological-class-name -->
              <div class="configuration-class before">
                <span class="method-name">setup</span>
                <span class="method-start">4031 ms</span>
              </div> <!-- configuration-class before -->
            </div> <!-- chronological-class -->
            <div class="chronological-class">
              <div class="chronological-class-name">com.testScript.BookHotelConfirmTests</div> <!-- chronological-class-name -->
              <div class="configuration-class before">
                <span class="method-name">setup</span>
                <span class="method-start">4394 ms</span>
              </div> <!-- configuration-class before -->
            </div> <!-- chronological-class -->
            <div class="chronological-class">
              <div class="chronological-class-name">com.testScript.CancelOrderIdsTests</div> <!-- chronological-class-name -->
              <div class="configuration-class before">
                <span class="method-name">setup</span>
                <span class="method-start">4552 ms</span>
              </div> <!-- configuration-class before -->
            </div> <!-- chronological-class -->
            <div class="chronological-class">
              <div class="chronological-class-name">com.testScript.BookHotelConfirmTests</div> <!-- chronological-class-name -->
              <div class="configuration-test after">
                <span class="method-name">teardown</span>
                <span class="method-start">4723 ms</span>
              </div> <!-- configuration-test after -->
            </div> <!-- chronological-class -->
            <div class="chronological-class">
              <div class="chronological-class-name">com.testScript.CancelOrderIdsTests</div> <!-- chronological-class-name -->
              <div class="configuration-test after">
                <span class="method-name">teardown</span>
                <span class="method-start">4792 ms</span>
              </div> <!-- configuration-test after -->
            </div> <!-- chronological-class -->
            <div class="chronological-class">
              <div class="chronological-class-name">com.testScript.LoginTests</div> <!-- chronological-class-name -->
              <div class="configuration-test after">
                <span class="method-name">teardown</span>
                <span class="method-start">4793 ms</span>
              </div> <!-- configuration-test after -->
            </div> <!-- chronological-class -->
            <div class="chronological-class">
              <div class="chronological-class-name">com.testScript.SelectHotelValidationTest</div> <!-- chronological-class-name -->
              <div class="configuration-test after">
                <span class="method-name">teardown</span>
                <span class="method-start">4793 ms</span>
              </div> <!-- configuration-test after -->
            </div> <!-- chronological-class -->
            <div class="chronological-class">
              <div class="chronological-class-name">com.testScript.BookHotelConfirmTests</div> <!-- chronological-class-name -->
              <div class="configuration-test before">
                <span class="method-name">beforeClass(firefox)</span>
                <span class="method-start">4823 ms</span>
              </div> <!-- configuration-test before -->
            </div> <!-- chronological-class -->
            <div class="chronological-class">
              <div class="chronological-class-name">com.testScript.LoginTests</div> <!-- chronological-class-name -->
              <div class="configuration-class before">
                <span class="method-name">setup</span>
                <span class="method-start">6355 ms</span>
              </div> <!-- configuration-class before -->
              <div class="test-method">
                <span class="method-name">registerNewUserNavigationTest</span>
                <span class="method-start">8242 ms</span>
              </div> <!-- test-method -->
              <div class="test-method">
                <span class="method-name">forgotPasswordLinkNavigationTest</span>
                <span class="method-start">8796 ms</span>
              </div> <!-- test-method -->
            </div> <!-- chronological-class -->
            <div class="chronological-class">
              <div class="chronological-class-name">com.testScript.SearchHotelTests</div> <!-- chronological-class-name -->
              <div class="configuration-class before">
                <span class="method-name">setup</span>
                <span class="method-start">9398 ms</span>
              </div> <!-- configuration-class before -->
            </div> <!-- chronological-class -->
            <div class="chronological-class">
              <div class="chronological-class-name">com.testScript.SelectHotelValidationTest</div> <!-- chronological-class-name -->
              <div class="configuration-class before">
                <span class="method-name">setup</span>
                <span class="method-start">9563 ms</span>
              </div> <!-- configuration-class before -->
            </div> <!-- chronological-class -->
            <div class="chronological-class">
              <div class="chronological-class-name">com.testScript.BookHotelConfirmTests</div> <!-- chronological-class-name -->
              <div class="configuration-class before">
                <span class="method-name">setup</span>
                <span class="method-start">9722 ms</span>
              </div> <!-- configuration-class before -->
              <div class="configuration-test after">
                <span class="method-name">teardown</span>
                <span class="method-start">9847 ms</span>
              </div> <!-- configuration-test after -->
            </div> <!-- chronological-class -->
            <div class="chronological-class">
              <div class="chronological-class-name">com.testScript.LoginTests</div> <!-- chronological-class-name -->
              <div class="configuration-test after">
                <span class="method-name">teardown</span>
                <span class="method-start">9947 ms</span>
              </div> <!-- configuration-test after -->
            </div> <!-- chronological-class -->
            <div class="chronological-class">
              <div class="chronological-class-name">com.testScript.SearchHotelTests</div> <!-- chronological-class-name -->
              <div class="configuration-test after">
                <span class="method-name">teardown</span>
                <span class="method-start">9948 ms</span>
              </div> <!-- configuration-test after -->
            </div> <!-- chronological-class -->
            <div class="chronological-class">
              <div class="chronological-class-name">com.testScript.SelectHotelValidationTest</div> <!-- chronological-class-name -->
              <div class="configuration-test after">
                <span class="method-name">teardown</span>
                <span class="method-start">9948 ms</span>
              </div> <!-- configuration-test after -->
            </div> <!-- chronological-class -->
            <div class="chronological-class">
              <div class="chronological-class-name">com.testScript.BookHotelConfirmTests</div> <!-- chronological-class-name -->
              <div class="configuration-test before">
                <img src="failed.png">
                </img>
                <span class="method-name">beforeClass(chrome)</span>
                <span class="method-start">9956 ms</span>
              </div> <!-- configuration-test before -->
            </div> <!-- chronological-class -->
            <div class="chronological-class">
              <div class="chronological-class-name">com.testScript.LoginTests</div> <!-- chronological-class-name -->
              <div class="test-method">
                <span class="method-name">registerNewUserNavigationTest</span>
                <span class="method-start">29986 ms</span>
              </div> <!-- test-method -->
              <div class="test-method">
                <span class="method-name">forgotPasswordLinkNavigationTest</span>
                <span class="method-start">29986 ms</span>
              </div> <!-- test-method -->
          </div> <!-- main-panel-content rounded-window-bottom -->
        </div> <!-- panel -->
        <div panel-name="chronological-Functional-Test-Suite" class="panel">
          <div class="main-panel-header rounded-window-top">
            <span class="header-content">Methods in chronological order</span>
          </div> <!-- main-panel-header rounded-window-top -->
          <div class="main-panel-content rounded-window-bottom">
            <div class="chronological-class">
              <div class="chronological-class-name">com.testScript.CancelOrderIdsTests</div> <!-- chronological-class-name -->
              <div class="configuration-test before">
                <span class="method-name">beforeClass(firefox)</span>
                <span class="method-start">0 ms</span>
              </div> <!-- configuration-test before -->
            </div> <!-- chronological-class -->
            <div class="chronological-class">
              <div class="chronological-class-name">com.testScript.LoginTests</div> <!-- chronological-class-name -->
              <div class="configuration-class before">
                <span class="method-name">setup</span>
                <span class="method-start">2744 ms</span>
              </div> <!-- configuration-class before -->
            </div> <!-- chronological-class -->
            <div class="chronological-class">
              <div class="chronological-class-name">com.testScript.SelectHotelValidationTest</div> <!-- chronological-class-name -->
              <div class="configuration-class before">
                <span class="method-name">setup</span>
                <span class="method-start">4031 ms</span>
              </div> <!-- configuration-class before -->
            </div> <!-- chronological-class -->
            <div class="chronological-class">
              <div class="chronological-class-name">com.testScript.BookHotelConfirmTests</div> <!-- chronological-class-name -->
              <div class="configuration-class before">
                <span class="method-name">setup</span>
                <span class="method-start">4394 ms</span>
              </div> <!-- configuration-class before -->
            </div> <!-- chronological-class -->
            <div class="chronological-class">
              <div class="chronological-class-name">com.testScript.CancelOrderIdsTests</div> <!-- chronological-class-name -->
              <div class="configuration-class before">
                <span class="method-name">setup</span>
                <span class="method-start">4552 ms</span>
              </div> <!-- configuration-class before -->
            </div> <!-- chronological-class -->
            <div class="chronological-class">
              <div class="chronological-class-name">com.testScript.BookHotelConfirmTests</div> <!-- chronological-class-name -->
              <div class="configuration-test after">
                <span class="method-name">teardown</span>
                <span class="method-start">4723 ms</span>
              </div> <!-- configuration-test after -->
            </div> <!-- chronological-class -->
            <div class="chronological-class">
              <div class="chronological-class-name">com.testScript.CancelOrderIdsTests</div> <!-- chronological-class-name -->
              <div class="configuration-test after">
                <span class="method-name">teardown</span>
                <span class="method-start">4792 ms</span>
              </div> <!-- configuration-test after -->
            </div> <!-- chronological-class -->
            <div class="chronological-class">
              <div class="chronological-class-name">com.testScript.LoginTests</div> <!-- chronological-class-name -->
              <div class="configuration-test after">
                <span class="method-name">teardown</span>
                <span class="method-start">4793 ms</span>
              </div> <!-- configuration-test after -->
            </div> <!-- chronological-class -->
            <div class="chronological-class">
              <div class="chronological-class-name">com.testScript.SelectHotelValidationTest</div> <!-- chronological-class-name -->
              <div class="configuration-test after">
                <span class="method-name">teardown</span>
                <span class="method-start">4793 ms</span>
              </div> <!-- configuration-test after -->
            </div> <!-- chronological-class -->
            <div class="chronological-class">
              <div class="chronological-class-name">com.testScript.BookHotelConfirmTests</div> <!-- chronological-class-name -->
              <div class="configuration-test before">
                <span class="method-name">beforeClass(firefox)</span>
                <span class="method-start">4823 ms</span>
              </div> <!-- configuration-test before -->
            </div> <!-- chronological-class -->
            <div class="chronological-class">
              <div class="chronological-class-name">com.testScript.LoginTests</div> <!-- chronological-class-name -->
              <div class="configuration-class before">
                <span class="method-name">setup</span>
                <span class="method-start">6355 ms</span>
              </div> <!-- configuration-class before -->
              <div class="test-method">
                <span class="method-name">registerNewUserNavigationTest</span>
                <span class="method-start">8242 ms</span>
              </div> <!-- test-method -->
              <div class="test-method">
                <span class="method-name">forgotPasswordLinkNavigationTest</span>
                <span class="method-start">8796 ms</span>
              </div> <!-- test-method -->
            </div> <!-- chronological-class -->
            <div class="chronological-class">
              <div class="chronological-class-name">com.testScript.SearchHotelTests</div> <!-- chronological-class-name -->
              <div class="configuration-class before">
                <span class="method-name">setup</span>
                <span class="method-start">9398 ms</span>
              </div> <!-- configuration-class before -->
            </div> <!-- chronological-class -->
            <div class="chronological-class">
              <div class="chronological-class-name">com.testScript.SelectHotelValidationTest</div> <!-- chronological-class-name -->
              <div class="configuration-class before">
                <span class="method-name">setup</span>
                <span class="method-start">9563 ms</span>
              </div> <!-- configuration-class before -->
            </div> <!-- chronological-class -->
            <div class="chronological-class">
              <div class="chronological-class-name">com.testScript.BookHotelConfirmTests</div> <!-- chronological-class-name -->
              <div class="configuration-class before">
                <span class="method-name">setup</span>
                <span class="method-start">9722 ms</span>
              </div> <!-- configuration-class before -->
              <div class="configuration-test after">
                <span class="method-name">teardown</span>
                <span class="method-start">9847 ms</span>
              </div> <!-- configuration-test after -->
            </div> <!-- chronological-class -->
            <div class="chronological-class">
              <div class="chronological-class-name">com.testScript.LoginTests</div> <!-- chronological-class-name -->
              <div class="configuration-test after">
                <span class="method-name">teardown</span>
                <span class="method-start">9947 ms</span>
              </div> <!-- configuration-test after -->
            </div> <!-- chronological-class -->
            <div class="chronological-class">
              <div class="chronological-class-name">com.testScript.SearchHotelTests</div> <!-- chronological-class-name -->
              <div class="configuration-test after">
                <span class="method-name">teardown</span>
                <span class="method-start">9948 ms</span>
              </div> <!-- configuration-test after -->
            </div> <!-- chronological-class -->
            <div class="chronological-class">
              <div class="chronological-class-name">com.testScript.SelectHotelValidationTest</div> <!-- chronological-class-name -->
              <div class="configuration-test after">
                <span class="method-name">teardown</span>
                <span class="method-start">9948 ms</span>
              </div> <!-- configuration-test after -->
            </div> <!-- chronological-class -->
            <div class="chronological-class">
              <div class="chronological-class-name">com.testScript.BookHotelConfirmTests</div> <!-- chronological-class-name -->
              <div class="configuration-test before">
                <img src="failed.png">
                </img>
                <span class="method-name">beforeClass(chrome)</span>
                <span class="method-start">9956 ms</span>
              </div> <!-- configuration-test before -->
            </div> <!-- chronological-class -->
            <div class="chronological-class">
              <div class="chronological-class-name">com.testScript.LoginTests</div> <!-- chronological-class-name -->
              <div class="test-method">
                <span class="method-name">registerNewUserNavigationTest</span>
                <span class="method-start">29986 ms</span>
              </div> <!-- test-method -->
              <div class="test-method">
                <span class="method-name">forgotPasswordLinkNavigationTest</span>
                <span class="method-start">29986 ms</span>
              </div> <!-- test-method -->
          </div> <!-- main-panel-content rounded-window-bottom -->
        </div> <!-- panel -->
      </div> <!-- main-panel-root -->
    </div> <!-- wrapper -->
  </body>
</html>
